Using pre-set license
Built from '2022.3/staging' branch; Version is '2022.3.3f1 (7cdc2969a641) revision 8182825'; Using compiler version '192829333'; Build Type 'Release'
OS: 'Windows 11  (10.0.22621) 64bit Enterprise' Language: 'en' Physical Memory: 32604 MB
BatchMode: 1, IsHumanControllingUs: 0, StartBugReporterOnCrash: 0, Is64bit: 1, IsPro: 1

COMMAND LINE ARGUMENTS:
C:\Program Files\Unity\Hub\Editor\2022.3.3f1\Editor\Unity.exe
-adb2
-batchMode
-noUpm
-name
AssetImportWorker3
-projectPath
C:/Users/jamiealexander.lobba/Desktop/proj/ProjectesIII_RTS/RTS
-logFile
Logs/AssetImportWorker3.log
-srvPort
49946
Successfully changed project path to: C:/Users/jamiealexander.lobba/Desktop/proj/ProjectesIII_RTS/RTS
C:/Users/jamiealexander.lobba/Desktop/proj/ProjectesIII_RTS/RTS
[UnityMemory] Configuration Parameters - Can be set up in boot.config
    "memorysetup-bucket-allocator-granularity=16"
    "memorysetup-bucket-allocator-bucket-count=8"
    "memorysetup-bucket-allocator-block-size=33554432"
    "memorysetup-bucket-allocator-block-count=8"
    "memorysetup-main-allocator-block-size=16777216"
    "memorysetup-thread-allocator-block-size=16777216"
    "memorysetup-gfx-main-allocator-block-size=16777216"
    "memorysetup-gfx-thread-allocator-block-size=16777216"
    "memorysetup-cache-allocator-block-size=4194304"
    "memorysetup-typetree-allocator-block-size=2097152"
    "memorysetup-profiler-bucket-allocator-granularity=16"
    "memorysetup-profiler-bucket-allocator-bucket-count=8"
    "memorysetup-profiler-bucket-allocator-block-size=33554432"
    "memorysetup-profiler-bucket-allocator-block-count=8"
    "memorysetup-profiler-allocator-block-size=16777216"
    "memorysetup-profiler-editor-allocator-block-size=1048576"
    "memorysetup-temp-allocator-size-main=16777216"
    "memorysetup-job-temp-allocator-block-size=2097152"
    "memorysetup-job-temp-allocator-block-size-background=1048576"
    "memorysetup-job-temp-allocator-reduction-small-platforms=262144"
    "memorysetup-allocator-temp-initial-block-size-main=262144"
    "memorysetup-allocator-temp-initial-block-size-worker=262144"
    "memorysetup-temp-allocator-size-background-worker=32768"
    "memorysetup-temp-allocator-size-job-worker=262144"
    "memorysetup-temp-allocator-size-preload-manager=33554432"
    "memorysetup-temp-allocator-size-nav-mesh-worker=65536"
    "memorysetup-temp-allocator-size-audio-worker=65536"
    "memorysetup-temp-allocator-size-cloud-worker=32768"
    "memorysetup-temp-allocator-size-gi-baking-worker=262144"
    "memorysetup-temp-allocator-size-gfx=262144"
Player connection [19056] Host "[IP] 10.40.1.230 [Port] 0 [Flags] 2 [Guid] 1997440889 [EditorId] 1997440889 [Version] 1048832 [Id] WindowsEditor(7,PB-02-21B) [Debug] 1 [PackageName] WindowsEditor [ProjectName] Editor" joined multi-casting on [225.0.0.222:54997]...

Player connection [19056] Host "[IP] 10.40.1.230 [Port] 0 [Flags] 2 [Guid] 1997440889 [EditorId] 1997440889 [Version] 1048832 [Id] WindowsEditor(7,PB-02-21B) [Debug] 1 [PackageName] WindowsEditor [ProjectName] Editor" joined alternative multi-casting on [225.0.0.222:34997]...

Refreshing native plugins compatible for Editor in 68.14 ms, found 3 plugins.
Preloading 0 native plugins for Editor in 0.00 ms.
Initialize engine version: 2022.3.3f1 (7cdc2969a641)
[Subsystems] Discovering subsystems at path C:/Program Files/Unity/Hub/Editor/2022.3.3f1/Editor/Data/Resources/UnitySubsystems
[Subsystems] Discovering subsystems at path C:/Users/jamiealexander.lobba/Desktop/proj/ProjectesIII_RTS/RTS/Assets
GfxDevice: creating device client; threaded=0; jobified=0
Direct3D:
    Version:  Direct3D 11.0 [level 11.1]
    Renderer: NVIDIA GeForce RTX 2060 (ID=0x1f08)
    Vendor:   NVIDIA
    VRAM:     5980 MB
    Driver:   27.21.14.5751
Initialize mono
Mono path[0] = 'C:/Program Files/Unity/Hub/Editor/2022.3.3f1/Editor/Data/Managed'
Mono path[1] = 'C:/Program Files/Unity/Hub/Editor/2022.3.3f1/Editor/Data/MonoBleedingEdge/lib/mono/unityjit-win32'
Mono config path = 'C:/Program Files/Unity/Hub/Editor/2022.3.3f1/Editor/Data/MonoBleedingEdge/etc'
Using monoOptions --debugger-agent=transport=dt_socket,embedding=1,server=y,suspend=n,address=127.0.0.1:56976
Begin MonoManager ReloadAssembly
Registering precompiled unity dll's ...
Register platform support module: C:/Program Files/Unity/Hub/Editor/2022.3.3f1/Editor/Data/PlaybackEngines/AndroidPlayer/UnityEditor.Android.Extensions.dll
Register platform support module: C:/Program Files/Unity/Hub/Editor/2022.3.3f1/Editor/Data/PlaybackEngines/WindowsStandaloneSupport/UnityEditor.WindowsStandalone.Extensions.dll
Register platform support module: C:/Program Files/Unity/Hub/Editor/2022.3.3f1/Editor/Data/PlaybackEngines/MetroSupport/UnityEditor.UWP.Extensions.dll
Registered in 0.006528 seconds.
- Loaded All Assemblies, in  0.542 seconds
Native extension for UWP target not found
Native extension for WindowsStandalone target not found
Native extension for Android target not found
Android Extension - Scanning For ADB Devices 329 ms
Mono: successfully reloaded assembly
- Finished resetting the current domain, in  0.553 seconds
Domain Reload Profiling: 1095ms
	BeginReloadAssembly (58ms)
		ExecutionOrderSort (0ms)
		DisableScriptedObjects (0ms)
		BackupInstance (0ms)
		ReleaseScriptingObjects (0ms)
		CreateAndSetChildDomain (1ms)
	RebuildCommonClasses (166ms)
	RebuildNativeTypeToScriptingClass (6ms)
	initialDomainReloadingComplete (38ms)
	LoadAllAssembliesAndSetupDomain (274ms)
		LoadAssemblies (57ms)
		RebuildTransferFunctionScriptingTraits (0ms)
		AnalyzeDomain (270ms)
			TypeCache.Refresh (270ms)
				TypeCache.ScanAssembly (259ms)
			ScanForSourceGeneratedMonoScriptInfo (0ms)
			ResolveRequiredComponents (0ms)
	FinalizeReload (554ms)
		ReleaseScriptCaches (0ms)
		RebuildScriptCaches (0ms)
		SetupLoadedEditorAssemblies (513ms)
			LogAssemblyErrors (0ms)
			InitializePlatformSupportModulesInManaged (418ms)
			SetLoadedEditorAssemblies (2ms)
			RefreshPlugins (0ms)
			BeforeProcessingInitializeOnLoad (1ms)
			ProcessInitializeOnLoadAttributes (57ms)
			ProcessInitializeOnLoadMethodAttributes (35ms)
			AfterProcessingInitializeOnLoad (0ms)
			EditorAssembliesLoaded (0ms)
		ExecutionOrderSort2 (0ms)
		AwakeInstancesAfterBackupRestoration (0ms)
========================================================================
Worker process is ready to serve import requests
Begin MonoManager ReloadAssembly
Symbol file LoadedFromMemory doesn't match image C:\Users\jamiealexander.lobba\Desktop\proj\ProjectesIII_RTS\RTS\Library\PackageCache\com.unity.visualscripting@1.8.0\Editor\VisualScripting.Core\Dependencies\YamlDotNet\Unity.VisualScripting.YamlDotNet.dll
Symbol file LoadedFromMemory doesn't match image C:\Users\jamiealexander.lobba\Desktop\proj\ProjectesIII_RTS\RTS\Library\PackageCache\com.unity.visualscripting@1.8.0\Editor\VisualScripting.Core\Dependencies\DotNetZip\Unity.VisualScripting.IonicZip.dll
- Loaded All Assemblies, in  0.616 seconds
Refreshing native plugins compatible for Editor in 2.60 ms, found 3 plugins.
Native extension for UWP target not found
Native extension for WindowsStandalone target not found
Native extension for Android target not found
Mono: successfully reloaded assembly
- Finished resetting the current domain, in  0.472 seconds
Domain Reload Profiling: 1086ms
	BeginReloadAssembly (102ms)
		ExecutionOrderSort (0ms)
		DisableScriptedObjects (4ms)
		BackupInstance (0ms)
		ReleaseScriptingObjects (0ms)
		CreateAndSetChildDomain (18ms)
	RebuildCommonClasses (25ms)
	RebuildNativeTypeToScriptingClass (8ms)
	initialDomainReloadingComplete (35ms)
	LoadAllAssembliesAndSetupDomain (443ms)
		LoadAssemblies (254ms)
		RebuildTransferFunctionScriptingTraits (0ms)
		AnalyzeDomain (239ms)
			TypeCache.Refresh (214ms)
				TypeCache.ScanAssembly (203ms)
			ScanForSourceGeneratedMonoScriptInfo (17ms)
			ResolveRequiredComponents (7ms)
	FinalizeReload (472ms)
		ReleaseScriptCaches (0ms)
		RebuildScriptCaches (0ms)
		SetupLoadedEditorAssemblies (338ms)
			LogAssemblyErrors (0ms)
			InitializePlatformSupportModulesInManaged (19ms)
			SetLoadedEditorAssemblies (2ms)
			RefreshPlugins (0ms)
			BeforeProcessingInitializeOnLoad (54ms)
			ProcessInitializeOnLoadAttributes (199ms)
			ProcessInitializeOnLoadMethodAttributes (59ms)
			AfterProcessingInitializeOnLoad (4ms)
			EditorAssembliesLoaded (0ms)
		ExecutionOrderSort2 (0ms)
		AwakeInstancesAfterBackupRestoration (5ms)
Launched and connected shader compiler UnityShaderCompiler.exe after 0.07 seconds
Refreshing native plugins compatible for Editor in 3.05 ms, found 3 plugins.
Preloading 0 native plugins for Editor in 0.00 ms.
Unloading 4950 Unused Serialized files (Serialized files now loaded: 0)
Unloading 70 unused Assets / (0.7 MB). Loaded Objects now: 5428.
Memory consumption went from 208.3 MB to 207.6 MB.
Total: 3.858300 ms (FindLiveObjects: 0.310000 ms CreateObjectMapping: 0.446300 ms MarkObjects: 2.662200 ms  DeleteObjects: 0.438500 ms)

AssetImportParameters requested are different than current active one (requested -> active):
  custom:container-demuxer-ogg: 62fdf1f143b41e24485cea50d1cbac27 -> 
  custom:video-codec-MediaFoundation-h265: 746d11721c4dcdbdad8f713fa42b33f4 -> 
  custom:video-decoder-ogg-theora: a1e56fd34408186e4bbccfd4996cb3dc -> 
  custom:framework-win-MediaFoundation: 216162199b28c13a410421893ffa2e32 -> 
  custom:container-demuxer-webm: 4f35f7cbe854078d1ac9338744f61a02 -> 
  custom:container-muxer-webm: aa71ff27fc2769a1b78a27578f13a17b -> 
  custom:video-decoder-webm-vp8: 9c59270c3fd7afecdb556c50c9e8de78 -> 
  custom:AudioImporter_EditorPlatform: d09bf68614088b80899f8185d706f6e7 -> 
  custom:video-encoder-webm-vp8: eb34c28f22e8b96e1ab97ce403110664 -> 
  custom:audio-decoder-ogg-vorbis: bf7c407c2cedff20999df2af8eb42d56 -> 
  custom:audio-encoder-webm-vorbis: bf7c407c2cedff20999df2af8eb42d56 -> 
========================================================================
Received Import Request.
  Time since last request: 1095.217227 seconds.
  path: Assets/mapa/Models/objects/fbx/mountain.fbx
  artifactKey: Guid(e37bb77d9fb37f84fbb1388f5d9b05b1) Importer(815301076,1909f56bfc062723c751e8b465ee728b)
Start importing Assets/mapa/Models/objects/fbx/mountain.fbx using Guid(e37bb77d9fb37f84fbb1388f5d9b05b1) Importer(815301076,1909f56bfc062723c751e8b465ee728b)  -> (artifact id: '2f30e89b7114b752123032d9470029c0') in 0.100497 seconds
Number of updated asset objects reloaded before import = 0
Number of asset objects unloaded after import = 8
========================================================================
Received Import Request.
  Time since last request: 0.000029 seconds.
  path: Assets/mapa/Models/objects/objects/dae/mountain.dae
  artifactKey: Guid(59e46e01d47b52142aa39abc31b7403c) Importer(815301076,1909f56bfc062723c751e8b465ee728b)
Start importing Assets/mapa/Models/objects/objects/dae/mountain.dae using Guid(59e46e01d47b52142aa39abc31b7403c) Importer(815301076,1909f56bfc062723c751e8b465ee728b)  -> (artifact id: 'f8b6a3cc4f1120c142e2399f08a94a57') in 0.043963 seconds
Number of updated asset objects reloaded before import = 0
Number of asset objects unloaded after import = 8
========================================================================
Received Import Request.
  Time since last request: 23.649665 seconds.
  path: Assets/Plugins/Demigiant/DOTween/Editor/Imgs/DOTweenIcon.png
  artifactKey: Guid(8da095e39e9b4df488dfd436f81116d6) Importer(815301076,1909f56bfc062723c751e8b465ee728b)
Start importing Assets/Plugins/Demigiant/DOTween/Editor/Imgs/DOTweenIcon.png using Guid(8da095e39e9b4df488dfd436f81116d6) Importer(815301076,1909f56bfc062723c751e8b465ee728b)  -> (artifact id: '3cd3045eddbd6d2ff55f18abb6ce7903') in 0.106376 seconds
Number of updated asset objects reloaded before import = 0
Number of asset objects unloaded after import = 2
========================================================================
Received Import Request.
  Time since last request: 0.000023 seconds.
  path: Assets/mapa/Models/tiles/hex/obj/hex_forest_waterB.obj
  artifactKey: Guid(82d74fbffeed96a46b90111c3c7cce5e) Importer(815301076,1909f56bfc062723c751e8b465ee728b)
Start importing Assets/mapa/Models/tiles/hex/obj/hex_forest_waterB.obj using Guid(82d74fbffeed96a46b90111c3c7cce5e) Importer(815301076,1909f56bfc062723c751e8b465ee728b)  -> (artifact id: 'e7dfceb46ced0607158aef2c8b1a5926') in 0.155170 seconds
Number of updated asset objects reloaded before import = 0
Number of asset objects unloaded after import = 11
========================================================================
Received Import Request.
  Time since last request: 0.000037 seconds.
  path: Assets/mapa/Models/tiles/hex/obj/hex_forest_roadB.obj
  artifactKey: Guid(3575de8b57965604ea55cfa1674baa3a) Importer(815301076,1909f56bfc062723c751e8b465ee728b)
Start importing Assets/mapa/Models/tiles/hex/obj/hex_forest_roadB.obj using Guid(3575de8b57965604ea55cfa1674baa3a) Importer(815301076,1909f56bfc062723c751e8b465ee728b)  -> (artifact id: '1209dd99df6388a57034383e71d0a590') in 0.046177 seconds
Number of updated asset objects reloaded before import = 0
Number of asset objects unloaded after import = 11
========================================================================
Received Import Request.
  Time since last request: 0.000023 seconds.
  path: Assets/mapa/Models/tiles/hex/obj/hex_forest_transitionB.obj
  artifactKey: Guid(5135be008cdee8740a8158376da23811) Importer(815301076,1909f56bfc062723c751e8b465ee728b)
Start importing Assets/mapa/Models/tiles/hex/obj/hex_forest_transitionB.obj using Guid(5135be008cdee8740a8158376da23811) Importer(815301076,1909f56bfc062723c751e8b465ee728b)  -> (artifact id: '053495b2f9b394d160e580f169a0d5f1') in 0.063040 seconds
Number of updated asset objects reloaded before import = 0
Number of asset objects unloaded after import = 12
========================================================================
Received Import Request.
  Time since last request: 0.000028 seconds.
  path: Assets/mapa/Models/tiles/hex/obj/hex_forest.obj
  artifactKey: Guid(2783959f38e99d54c8c73a5ae2363f5e) Importer(815301076,1909f56bfc062723c751e8b465ee728b)
Start importing Assets/mapa/Models/tiles/hex/obj/hex_forest.obj using Guid(2783959f38e99d54c8c73a5ae2363f5e) Importer(815301076,1909f56bfc062723c751e8b465ee728b)  -> (artifact id: '456be2e776342edb2157629fef698a1d') in 0.040466 seconds
Number of updated asset objects reloaded before import = 0
Number of asset objects unloaded after import = 10
========================================================================
Received Import Request.
  Time since last request: 0.000018 seconds.
  path: Assets/mapa/Models/tiles/hex/obj/hex_forest_roadJ.obj
  artifactKey: Guid(9db1338172ce6254786f8fc4bdd6adf0) Importer(815301076,1909f56bfc062723c751e8b465ee728b)
Start importing Assets/mapa/Models/tiles/hex/obj/hex_forest_roadJ.obj using Guid(9db1338172ce6254786f8fc4bdd6adf0) Importer(815301076,1909f56bfc062723c751e8b465ee728b)  -> (artifact id: '85aa0543b1af23a504ec9ccff39c7673') in 0.040765 seconds
Number of updated asset objects reloaded before import = 0
Number of asset objects unloaded after import = 11
========================================================================
Received Import Request.
  Time since last request: 0.000023 seconds.
  path: Assets/mapa/Models/tiles/hex/obj/hex_forest_roadH.obj
  artifactKey: Guid(c5bc474aef73fa34c8c2676015a41150) Importer(815301076,1909f56bfc062723c751e8b465ee728b)
Start importing Assets/mapa/Models/tiles/hex/obj/hex_forest_roadH.obj using Guid(c5bc474aef73fa34c8c2676015a41150) Importer(815301076,1909f56bfc062723c751e8b465ee728b)  -> (artifact id: '825c7e1c4a3f4a1154e9943fa1ac6098') in 0.042867 seconds
Number of updated asset objects reloaded before import = 0
Number of asset objects unloaded after import = 11
========================================================================
Received Import Request.
  Time since last request: 0.000036 seconds.
  path: Assets/mapa/Models/tiles/hex/obj/hex_forest_roadM.obj
  artifactKey: Guid(8a31fa82c5c4a304ba25786ee7e67232) Importer(815301076,1909f56bfc062723c751e8b465ee728b)
Start importing Assets/mapa/Models/tiles/hex/obj/hex_forest_roadM.obj using Guid(8a31fa82c5c4a304ba25786ee7e67232) Importer(815301076,1909f56bfc062723c751e8b465ee728b)  -> (artifact id: '808b1648ac0fc788e65156974316d22b') in 0.040332 seconds
Number of updated asset objects reloaded before import = 0
Number of asset objects unloaded after import = 11
========================================================================
Received Import Request.
  Time since last request: 0.000037 seconds.
  path: Assets/mapa/Models/tiles/hex/obj/hex_forest_roadA.obj
  artifactKey: Guid(0bb4b285b7e677f49a8b20e0c4ab0c47) Importer(815301076,1909f56bfc062723c751e8b465ee728b)
Start importing Assets/mapa/Models/tiles/hex/obj/hex_forest_roadA.obj using Guid(0bb4b285b7e677f49a8b20e0c4ab0c47) Importer(815301076,1909f56bfc062723c751e8b465ee728b)  -> (artifact id: '592d7b331f28b547358437c29ad55230') in 0.046936 seconds
Number of updated asset objects reloaded before import = 0
Number of asset objects unloaded after import = 11
========================================================================
Received Import Request.
  Time since last request: 0.000026 seconds.
  path: Assets/mapa/Models/tiles/hex/obj/hex_forest_roadF.obj
  artifactKey: Guid(b8c2119f7d321a54cbae954f1a4cc7d0) Importer(815301076,1909f56bfc062723c751e8b465ee728b)
Start importing Assets/mapa/Models/tiles/hex/obj/hex_forest_roadF.obj using Guid(b8c2119f7d321a54cbae954f1a4cc7d0) Importer(815301076,1909f56bfc062723c751e8b465ee728b)  -> (artifact id: '994f8c67b284ca611f7a29bbac4b84f4') in 0.054454 seconds
Number of updated asset objects reloaded before import = 0
Number of asset objects unloaded after import = 11
========================================================================
Received Import Request.
  Time since last request: 0.000021 seconds.
  path: Assets/mapa/Models/tiles/hex/obj/hex_forest_waterA_detail.obj
  artifactKey: Guid(271871403266d2f46bbe3ab34ccc29eb) Importer(815301076,1909f56bfc062723c751e8b465ee728b)
Start importing Assets/mapa/Models/tiles/hex/obj/hex_forest_waterA_detail.obj using Guid(271871403266d2f46bbe3ab34ccc29eb) Importer(815301076,1909f56bfc062723c751e8b465ee728b)  -> (artifact id: 'ded632f09d30934a1d08cb2d9a23600b') in 0.049670 seconds
Number of updated asset objects reloaded before import = 0
Number of asset objects unloaded after import = 12
========================================================================
Received Import Request.
  Time since last request: 0.000022 seconds.
  path: Assets/mapa/Models/tiles/hex/obj/hex_forest_roadA_detail.obj
  artifactKey: Guid(750e6e1bf56dbde438120b34b79c6bea) Importer(815301076,1909f56bfc062723c751e8b465ee728b)
Start importing Assets/mapa/Models/tiles/hex/obj/hex_forest_roadA_detail.obj using Guid(750e6e1bf56dbde438120b34b79c6bea) Importer(815301076,1909f56bfc062723c751e8b465ee728b)  -> (artifact id: '42b80fc59934cfc2ca3d218e4fcd6f44') in 0.036817 seconds
Number of updated asset objects reloaded before import = 0
Number of asset objects unloaded after import = 12
========================================================================
Received Import Request.
  Time since last request: 0.000024 seconds.
  path: Assets/mapa/Models/tiles/hex/obj/hex_forest_roadD_detail.obj
  artifactKey: Guid(7470d1a5a2d00584a83db21ab99942f2) Importer(815301076,1909f56bfc062723c751e8b465ee728b)
Start importing Assets/mapa/Models/tiles/hex/obj/hex_forest_roadD_detail.obj using Guid(7470d1a5a2d00584a83db21ab99942f2) Importer(815301076,1909f56bfc062723c751e8b465ee728b)  -> (artifact id: '72e4ddc141595ea5fe9f34f9526760be') in 0.040408 seconds
Number of updated asset objects reloaded before import = 0
Number of asset objects unloaded after import = 12
========================================================================
Received Import Request.
  Time since last request: 17.032813 seconds.
  path: Assets/KayKit Dungeon Pack 1.0/Models/obj/axeDouble_rare.obj
  artifactKey: Guid(9684bfbbad29ba24d9f85ae9a086a861) Importer(815301076,1909f56bfc062723c751e8b465ee728b)
Start importing Assets/KayKit Dungeon Pack 1.0/Models/obj/axeDouble_rare.obj using Guid(9684bfbbad29ba24d9f85ae9a086a861) Importer(815301076,1909f56bfc062723c751e8b465ee728b)  -> (artifact id: 'a767d922cebc493e119b2d73bdbc41eb') in 0.110554 seconds
Number of updated asset objects reloaded before import = 0
Number of asset objects unloaded after import = 13
Editor requested this worker to shutdown with reason: Scaling down because of idle timeout
TcpMessagingSession - receive error: operation aborted. errorcode: 995, details: The I/O operation has been aborted because of either a thread exit or an application request.
AssetImportWorker is now disconnected from the server
Process exiting
Exiting without the bug reporter. Application will terminate with return code 0