Using pre-set license
Built from '2022.3/staging' branch; Version is '2022.3.3f1 (7cdc2969a641) revision 8182825'; Using compiler version '192829333'; Build Type 'Release'
OS: 'Windows 11  (10.0.22621) 64bit Enterprise' Language: 'en' Physical Memory: 32604 MB
BatchMode: 1, IsHumanControllingUs: 0, StartBugReporterOnCrash: 0, Is64bit: 1, IsPro: 1

COMMAND LINE ARGUMENTS:
C:\Program Files\Unity\Hub\Editor\2022.3.3f1\Editor\Unity.exe
-adb2
-batchMode
-noUpm
-name
AssetImportWorker4
-projectPath
C:/Users/jamiealexander.lobba/Desktop/proj/ProjectesIII_RTS/RTS
-logFile
Logs/AssetImportWorker4.log
-srvPort
49946
Successfully changed project path to: C:/Users/jamiealexander.lobba/Desktop/proj/ProjectesIII_RTS/RTS
C:/Users/jamiealexander.lobba/Desktop/proj/ProjectesIII_RTS/RTS
[UnityMemory] Configuration Parameters - Can be set up in boot.config
    "memorysetup-bucket-allocator-granularity=16"
    "memorysetup-bucket-allocator-bucket-count=8"
    "memorysetup-bucket-allocator-block-size=33554432"
    "memorysetup-bucket-allocator-block-count=8"
    "memorysetup-main-allocator-block-size=16777216"
    "memorysetup-thread-allocator-block-size=16777216"
    "memorysetup-gfx-main-allocator-block-size=16777216"
    "memorysetup-gfx-thread-allocator-block-size=16777216"
    "memorysetup-cache-allocator-block-size=4194304"
    "memorysetup-typetree-allocator-block-size=2097152"
    "memorysetup-profiler-bucket-allocator-granularity=16"
    "memorysetup-profiler-bucket-allocator-bucket-count=8"
    "memorysetup-profiler-bucket-allocator-block-size=33554432"
    "memorysetup-profiler-bucket-allocator-block-count=8"
    "memorysetup-profiler-allocator-block-size=16777216"
    "memorysetup-profiler-editor-allocator-block-size=1048576"
    "memorysetup-temp-allocator-size-main=16777216"
    "memorysetup-job-temp-allocator-block-size=2097152"
    "memorysetup-job-temp-allocator-block-size-background=1048576"
    "memorysetup-job-temp-allocator-reduction-small-platforms=262144"
    "memorysetup-allocator-temp-initial-block-size-main=262144"
    "memorysetup-allocator-temp-initial-block-size-worker=262144"
    "memorysetup-temp-allocator-size-background-worker=32768"
    "memorysetup-temp-allocator-size-job-worker=262144"
    "memorysetup-temp-allocator-size-preload-manager=33554432"
    "memorysetup-temp-allocator-size-nav-mesh-worker=65536"
    "memorysetup-temp-allocator-size-audio-worker=65536"
    "memorysetup-temp-allocator-size-cloud-worker=32768"
    "memorysetup-temp-allocator-size-gi-baking-worker=262144"
    "memorysetup-temp-allocator-size-gfx=262144"
Player connection [10140] Host "[IP] 10.40.1.230 [Port] 0 [Flags] 2 [Guid] 2410488309 [EditorId] 2410488309 [Version] 1048832 [Id] WindowsEditor(7,PB-02-21B) [Debug] 1 [PackageName] WindowsEditor [ProjectName] Editor" joined multi-casting on [225.0.0.222:54997]...

Player connection [10140] Host "[IP] 10.40.1.230 [Port] 0 [Flags] 2 [Guid] 2410488309 [EditorId] 2410488309 [Version] 1048832 [Id] WindowsEditor(7,PB-02-21B) [Debug] 1 [PackageName] WindowsEditor [ProjectName] Editor" joined alternative multi-casting on [225.0.0.222:34997]...

Refreshing native plugins compatible for Editor in 68.48 ms, found 3 plugins.
Preloading 0 native plugins for Editor in 0.00 ms.
Initialize engine version: 2022.3.3f1 (7cdc2969a641)
[Subsystems] Discovering subsystems at path C:/Program Files/Unity/Hub/Editor/2022.3.3f1/Editor/Data/Resources/UnitySubsystems
[Subsystems] Discovering subsystems at path C:/Users/jamiealexander.lobba/Desktop/proj/ProjectesIII_RTS/RTS/Assets
GfxDevice: creating device client; threaded=0; jobified=0
Direct3D:
    Version:  Direct3D 11.0 [level 11.1]
    Renderer: NVIDIA GeForce RTX 2060 (ID=0x1f08)
    Vendor:   NVIDIA
    VRAM:     5980 MB
    Driver:   27.21.14.5751
Initialize mono
Mono path[0] = 'C:/Program Files/Unity/Hub/Editor/2022.3.3f1/Editor/Data/Managed'
Mono path[1] = 'C:/Program Files/Unity/Hub/Editor/2022.3.3f1/Editor/Data/MonoBleedingEdge/lib/mono/unityjit-win32'
Mono config path = 'C:/Program Files/Unity/Hub/Editor/2022.3.3f1/Editor/Data/MonoBleedingEdge/etc'
Using monoOptions --debugger-agent=transport=dt_socket,embedding=1,server=y,suspend=n,address=127.0.0.1:56440
Begin MonoManager ReloadAssembly
Registering precompiled unity dll's ...
Register platform support module: C:/Program Files/Unity/Hub/Editor/2022.3.3f1/Editor/Data/PlaybackEngines/AndroidPlayer/UnityEditor.Android.Extensions.dll
Register platform support module: C:/Program Files/Unity/Hub/Editor/2022.3.3f1/Editor/Data/PlaybackEngines/WindowsStandaloneSupport/UnityEditor.WindowsStandalone.Extensions.dll
Register platform support module: C:/Program Files/Unity/Hub/Editor/2022.3.3f1/Editor/Data/PlaybackEngines/MetroSupport/UnityEditor.UWP.Extensions.dll
Registered in 0.006621 seconds.
- Loaded All Assemblies, in  0.541 seconds
Native extension for UWP target not found
Native extension for WindowsStandalone target not found
Native extension for Android target not found
Android Extension - Scanning For ADB Devices 329 ms
Mono: successfully reloaded assembly
- Finished resetting the current domain, in  0.555 seconds
Domain Reload Profiling: 1095ms
	BeginReloadAssembly (58ms)
		ExecutionOrderSort (0ms)
		DisableScriptedObjects (0ms)
		BackupInstance (0ms)
		ReleaseScriptingObjects (0ms)
		CreateAndSetChildDomain (1ms)
	RebuildCommonClasses (166ms)
	RebuildNativeTypeToScriptingClass (6ms)
	initialDomainReloadingComplete (38ms)
	LoadAllAssembliesAndSetupDomain (272ms)
		LoadAssemblies (57ms)
		RebuildTransferFunctionScriptingTraits (0ms)
		AnalyzeDomain (269ms)
			TypeCache.Refresh (268ms)
				TypeCache.ScanAssembly (258ms)
			ScanForSourceGeneratedMonoScriptInfo (1ms)
			ResolveRequiredComponents (0ms)
	FinalizeReload (555ms)
		ReleaseScriptCaches (0ms)
		RebuildScriptCaches (0ms)
		SetupLoadedEditorAssemblies (514ms)
			LogAssemblyErrors (0ms)
			InitializePlatformSupportModulesInManaged (418ms)
			SetLoadedEditorAssemblies (2ms)
			RefreshPlugins (0ms)
			BeforeProcessingInitializeOnLoad (1ms)
			ProcessInitializeOnLoadAttributes (58ms)
			ProcessInitializeOnLoadMethodAttributes (34ms)
			AfterProcessingInitializeOnLoad (0ms)
			EditorAssembliesLoaded (0ms)
		ExecutionOrderSort2 (0ms)
		AwakeInstancesAfterBackupRestoration (0ms)
========================================================================
Worker process is ready to serve import requests
Begin MonoManager ReloadAssembly
Symbol file LoadedFromMemory doesn't match image C:\Users\jamiealexander.lobba\Desktop\proj\ProjectesIII_RTS\RTS\Library\PackageCache\com.unity.visualscripting@1.8.0\Editor\VisualScripting.Core\Dependencies\YamlDotNet\Unity.VisualScripting.YamlDotNet.dll
Symbol file LoadedFromMemory doesn't match image C:\Users\jamiealexander.lobba\Desktop\proj\ProjectesIII_RTS\RTS\Library\PackageCache\com.unity.visualscripting@1.8.0\Editor\VisualScripting.Core\Dependencies\DotNetZip\Unity.VisualScripting.IonicZip.dll
- Loaded All Assemblies, in  0.614 seconds
Refreshing native plugins compatible for Editor in 3.05 ms, found 3 plugins.
Native extension for UWP target not found
Native extension for WindowsStandalone target not found
Native extension for Android target not found
Mono: successfully reloaded assembly
- Finished resetting the current domain, in  0.479 seconds
Domain Reload Profiling: 1091ms
	BeginReloadAssembly (102ms)
		ExecutionOrderSort (0ms)
		DisableScriptedObjects (4ms)
		BackupInstance (0ms)
		ReleaseScriptingObjects (0ms)
		CreateAndSetChildDomain (18ms)
	RebuildCommonClasses (25ms)
	RebuildNativeTypeToScriptingClass (8ms)
	initialDomainReloadingComplete (35ms)
	LoadAllAssembliesAndSetupDomain (443ms)
		LoadAssemblies (256ms)
		RebuildTransferFunctionScriptingTraits (0ms)
		AnalyzeDomain (237ms)
			TypeCache.Refresh (212ms)
				TypeCache.ScanAssembly (202ms)
			ScanForSourceGeneratedMonoScriptInfo (18ms)
			ResolveRequiredComponents (7ms)
	FinalizeReload (479ms)
		ReleaseScriptCaches (0ms)
		RebuildScriptCaches (0ms)
		SetupLoadedEditorAssemblies (344ms)
			LogAssemblyErrors (0ms)
			InitializePlatformSupportModulesInManaged (19ms)
			SetLoadedEditorAssemblies (2ms)
			RefreshPlugins (0ms)
			BeforeProcessingInitializeOnLoad (54ms)
			ProcessInitializeOnLoadAttributes (204ms)
			ProcessInitializeOnLoadMethodAttributes (59ms)
			AfterProcessingInitializeOnLoad (4ms)
			EditorAssembliesLoaded (0ms)
		ExecutionOrderSort2 (0ms)
		AwakeInstancesAfterBackupRestoration (6ms)
Launched and connected shader compiler UnityShaderCompiler.exe after 0.06 seconds
Refreshing native plugins compatible for Editor in 2.70 ms, found 3 plugins.
Preloading 0 native plugins for Editor in 0.00 ms.
Unloading 4950 Unused Serialized files (Serialized files now loaded: 0)
Unloading 70 unused Assets / (0.7 MB). Loaded Objects now: 5428.
Memory consumption went from 208.2 MB to 207.5 MB.
Total: 3.528800 ms (FindLiveObjects: 0.311900 ms CreateObjectMapping: 0.166900 ms MarkObjects: 2.689200 ms  DeleteObjects: 0.359500 ms)

AssetImportParameters requested are different than current active one (requested -> active):
  custom:container-demuxer-ogg: 62fdf1f143b41e24485cea50d1cbac27 -> 
  custom:video-codec-MediaFoundation-h265: 746d11721c4dcdbdad8f713fa42b33f4 -> 
  custom:video-decoder-ogg-theora: a1e56fd34408186e4bbccfd4996cb3dc -> 
  custom:framework-win-MediaFoundation: 216162199b28c13a410421893ffa2e32 -> 
  custom:container-demuxer-webm: 4f35f7cbe854078d1ac9338744f61a02 -> 
  custom:container-muxer-webm: aa71ff27fc2769a1b78a27578f13a17b -> 
  custom:video-decoder-webm-vp8: 9c59270c3fd7afecdb556c50c9e8de78 -> 
  custom:AudioImporter_EditorPlatform: d09bf68614088b80899f8185d706f6e7 -> 
  custom:video-encoder-webm-vp8: eb34c28f22e8b96e1ab97ce403110664 -> 
  custom:audio-decoder-ogg-vorbis: bf7c407c2cedff20999df2af8eb42d56 -> 
  custom:audio-encoder-webm-vorbis: bf7c407c2cedff20999df2af8eb42d56 -> 
========================================================================
Received Import Request.
  Time since last request: 1077.287955 seconds.
  path: Assets/Building.prefab
  artifactKey: Guid(71d908fe97c37934c9b668b1255bfabf) Importer(815301076,1909f56bfc062723c751e8b465ee728b)
Start importing Assets/Building.prefab using Guid(71d908fe97c37934c9b668b1255bfabf) Importer(815301076,1909f56bfc062723c751e8b465ee728b)  -> (artifact id: '7e55c337460ef53fe28195c7758d8ed0') in 0.063913 seconds
Number of updated asset objects reloaded before import = 0
Number of asset objects unloaded after import = 25
========================================================================
Received Import Request.
  Time since last request: 2.541742 seconds.
  path: Assets/Building.prefab
  artifactKey: Guid(71d908fe97c37934c9b668b1255bfabf) Importer(815301076,1909f56bfc062723c751e8b465ee728b)
Start importing Assets/Building.prefab using Guid(71d908fe97c37934c9b668b1255bfabf) Importer(815301076,1909f56bfc062723c751e8b465ee728b)  -> (artifact id: '4d84948efc715a31bf88d9191fa982df') in 0.006778 seconds
Number of updated asset objects reloaded before import = 0
Number of asset objects unloaded after import = 25
========================================================================
Received Import Request.
  Time since last request: 3.245837 seconds.
  path: Assets/Building.prefab
  artifactKey: Guid(71d908fe97c37934c9b668b1255bfabf) Importer(815301076,1909f56bfc062723c751e8b465ee728b)
Start importing Assets/Building.prefab using Guid(71d908fe97c37934c9b668b1255bfabf) Importer(815301076,1909f56bfc062723c751e8b465ee728b)  -> (artifact id: 'b5a47d788a2653ba81123816bfcbfef5') in 0.067597 seconds
Number of updated asset objects reloaded before import = 0
Number of asset objects unloaded after import = 25
========================================================================
Received Import Request.
  Time since last request: 11.980551 seconds.
  path: Assets/mapa/Models/objects/dae/mountain.dae
  artifactKey: Guid(77f901bb028e0e44d8fda46ef262c9c2) Importer(815301076,1909f56bfc062723c751e8b465ee728b)
Start importing Assets/mapa/Models/objects/dae/mountain.dae using Guid(77f901bb028e0e44d8fda46ef262c9c2) Importer(815301076,1909f56bfc062723c751e8b465ee728b)  -> (artifact id: '73a3ffb1dd7ea9478265b194d740c2b3') in 0.060233 seconds
Number of updated asset objects reloaded before import = 0
Number of asset objects unloaded after import = 8
========================================================================
Received Import Request.
  Time since last request: 0.000026 seconds.
  path: Assets/mapa/Models/objects/objects/obj/mountain.obj
  artifactKey: Guid(0f54878b2df4dff40a603ba8df9eda69) Importer(815301076,1909f56bfc062723c751e8b465ee728b)
Start importing Assets/mapa/Models/objects/objects/obj/mountain.obj using Guid(0f54878b2df4dff40a603ba8df9eda69) Importer(815301076,1909f56bfc062723c751e8b465ee728b)  -> (artifact id: 'f38f797419cc565d375f7bc4f619dd48') in 0.026210 seconds
Number of updated asset objects reloaded before import = 0
Number of asset objects unloaded after import = 10
========================================================================
Received Import Request.
  Time since last request: 0.000034 seconds.
  path: Assets/mapa/Models/objects/obj/mountain.obj
  artifactKey: Guid(e8e1b3829f0896f42951ac373efd5ab7) Importer(815301076,1909f56bfc062723c751e8b465ee728b)
Start importing Assets/mapa/Models/objects/obj/mountain.obj using Guid(e8e1b3829f0896f42951ac373efd5ab7) Importer(815301076,1909f56bfc062723c751e8b465ee728b)  -> (artifact id: 'abe0f0cc71f30aac551daa4c216c2073') in 0.047780 seconds
Number of updated asset objects reloaded before import = 0
Number of asset objects unloaded after import = 10
========================================================================
Received Import Request.
  Time since last request: 0.000027 seconds.
  path: Assets/mapa/Models/objects/objects/fbx/mountain.fbx
  artifactKey: Guid(2ed951240a90ded40aff44d8a83a2c4b) Importer(815301076,1909f56bfc062723c751e8b465ee728b)
Start importing Assets/mapa/Models/objects/objects/fbx/mountain.fbx using Guid(2ed951240a90ded40aff44d8a83a2c4b) Importer(815301076,1909f56bfc062723c751e8b465ee728b)  -> (artifact id: 'c43ad9cb66f8521dcc247061b7f65d94') in 0.031990 seconds
Number of updated asset objects reloaded before import = 0
Number of asset objects unloaded after import = 8
========================================================================
Received Import Request.
  Time since last request: 23.610037 seconds.
  path: Assets/Samples/AI Navigation/1.1.4/Build And Connect NavMesh Surfaces/Materials/brightgreen.mat
  artifactKey: Guid(5c9ea827aaa4145c8900e81ca1395aae) Importer(815301076,1909f56bfc062723c751e8b465ee728b)
Start importing Assets/Samples/AI Navigation/1.1.4/Build And Connect NavMesh Surfaces/Materials/brightgreen.mat using Guid(5c9ea827aaa4145c8900e81ca1395aae) Importer(815301076,1909f56bfc062723c751e8b465ee728b)  -> (artifact id: '3800b53ad7ee9c17fd66bf51ee0c1f98') in 0.022719 seconds
Number of updated asset objects reloaded before import = 0
Number of asset objects unloaded after import = 1
========================================================================
Received Import Request.
  Time since last request: 0.003971 seconds.
  path: Assets/mapa/Models/tiles/hex/obj/hex_forest_roadG_detail.obj
  artifactKey: Guid(e1625eb9c2080aa448f1cebccdf38c2e) Importer(815301076,1909f56bfc062723c751e8b465ee728b)
Start importing Assets/mapa/Models/tiles/hex/obj/hex_forest_roadG_detail.obj using Guid(e1625eb9c2080aa448f1cebccdf38c2e) Importer(815301076,1909f56bfc062723c751e8b465ee728b)  -> (artifact id: '2109587a4897f970bd11f5b03f0962ba') in 0.094473 seconds
Number of updated asset objects reloaded before import = 0
Number of asset objects unloaded after import = 12
========================================================================
Received Import Request.
  Time since last request: 0.000026 seconds.
  path: Assets/mapa/Models/tiles/hex/obj/hex_forest_roadI.obj
  artifactKey: Guid(4ac30a75be8a0914f81b2958536f7d70) Importer(815301076,1909f56bfc062723c751e8b465ee728b)
Start importing Assets/mapa/Models/tiles/hex/obj/hex_forest_roadI.obj using Guid(4ac30a75be8a0914f81b2958536f7d70) Importer(815301076,1909f56bfc062723c751e8b465ee728b)  -> (artifact id: '9e8f3fd4fd4dd6aaa3af175f631a0736') in 0.144099 seconds
Number of updated asset objects reloaded before import = 0
Number of asset objects unloaded after import = 11
========================================================================
Received Import Request.
  Time since last request: 0.000022 seconds.
  path: Assets/mapa/Models/tiles/hex/obj/hex_forest_roadM_detail.obj
  artifactKey: Guid(ab8f09c449f35284694e36ee5b09a661) Importer(815301076,1909f56bfc062723c751e8b465ee728b)
Start importing Assets/mapa/Models/tiles/hex/obj/hex_forest_roadM_detail.obj using Guid(ab8f09c449f35284694e36ee5b09a661) Importer(815301076,1909f56bfc062723c751e8b465ee728b)  -> (artifact id: 'fe45280ca308993593e952bde0fce018') in 0.043971 seconds
Number of updated asset objects reloaded before import = 0
Number of asset objects unloaded after import = 12
========================================================================
Received Import Request.
  Time since last request: 0.000025 seconds.
  path: Assets/mapa/Models/tiles/hex/obj/hex_forest_roadJ_detail.obj
  artifactKey: Guid(7cbd6ab30c43f0842bf47d3003e4cd7d) Importer(815301076,1909f56bfc062723c751e8b465ee728b)
Start importing Assets/mapa/Models/tiles/hex/obj/hex_forest_roadJ_detail.obj using Guid(7cbd6ab30c43f0842bf47d3003e4cd7d) Importer(815301076,1909f56bfc062723c751e8b465ee728b)  -> (artifact id: '82c9504af2abf02141b5dcbdbba46810') in 0.044056 seconds
Number of updated asset objects reloaded before import = 0
Number of asset objects unloaded after import = 12
========================================================================
Received Import Request.
  Time since last request: 0.000033 seconds.
  path: Assets/mapa/Models/tiles/hex/obj/hex_forest_roadI_detail.obj
  artifactKey: Guid(87c55460a83026d40b81c380467c0b0b) Importer(815301076,1909f56bfc062723c751e8b465ee728b)
Start importing Assets/mapa/Models/tiles/hex/obj/hex_forest_roadI_detail.obj using Guid(87c55460a83026d40b81c380467c0b0b) Importer(815301076,1909f56bfc062723c751e8b465ee728b)  -> (artifact id: '970a2ef69528e6517bf484534a938dac') in 0.042096 seconds
Number of updated asset objects reloaded before import = 0
Number of asset objects unloaded after import = 12
========================================================================
Received Import Request.
  Time since last request: 0.000042 seconds.
  path: Assets/mapa/Models/tiles/hex/obj/hex_forest_detail.obj
  artifactKey: Guid(067ba82d90865d3488f75c3fa7dc10e3) Importer(815301076,1909f56bfc062723c751e8b465ee728b)
Start importing Assets/mapa/Models/tiles/hex/obj/hex_forest_detail.obj using Guid(067ba82d90865d3488f75c3fa7dc10e3) Importer(815301076,1909f56bfc062723c751e8b465ee728b)  -> (artifact id: '4acd2239652b7b0275f13683c6a279d6') in 0.038170 seconds
Number of updated asset objects reloaded before import = 0
Number of asset objects unloaded after import = 11
========================================================================
Received Import Request.
  Time since last request: 0.000043 seconds.
  path: Assets/mapa/Models/tiles/hex/obj/hex_forest_roadC_detail.obj
  artifactKey: Guid(62970cf49a2cd4c4d9ac7ec58b1ab5bf) Importer(815301076,1909f56bfc062723c751e8b465ee728b)
Start importing Assets/mapa/Models/tiles/hex/obj/hex_forest_roadC_detail.obj using Guid(62970cf49a2cd4c4d9ac7ec58b1ab5bf) Importer(815301076,1909f56bfc062723c751e8b465ee728b)  -> (artifact id: '2e1318de23f1939a6fda8e5c46806099') in 0.063292 seconds
Number of updated asset objects reloaded before import = 0
Number of asset objects unloaded after import = 12
========================================================================
Received Import Request.
  Time since last request: 0.000024 seconds.
  path: Assets/mapa/Models/tiles/hex/obj/hex_forest_waterA_empty.obj
  artifactKey: Guid(65e9d5237717b004892a519eed0cdf89) Importer(815301076,1909f56bfc062723c751e8b465ee728b)
Start importing Assets/mapa/Models/tiles/hex/obj/hex_forest_waterA_empty.obj using Guid(65e9d5237717b004892a519eed0cdf89) Importer(815301076,1909f56bfc062723c751e8b465ee728b)  -> (artifact id: '74a40e1ef1c9cc492717f271c1f772fb') in 0.034190 seconds
Number of updated asset objects reloaded before import = 0
Number of asset objects unloaded after import = 10
========================================================================
Received Import Request.
  Time since last request: 0.000036 seconds.
  path: Assets/mapa/Models/tiles/hex/obj/hex_forest_roadF_detail.obj
  artifactKey: Guid(2309ac51ec6d5bf47b8f397200f4d499) Importer(815301076,1909f56bfc062723c751e8b465ee728b)
Start importing Assets/mapa/Models/tiles/hex/obj/hex_forest_roadF_detail.obj using Guid(2309ac51ec6d5bf47b8f397200f4d499) Importer(815301076,1909f56bfc062723c751e8b465ee728b)  -> (artifact id: '720e8735bf2680dc36f9fa0ca7c5de1e') in 0.050902 seconds
Number of updated asset objects reloaded before import = 0
Number of asset objects unloaded after import = 12
========================================================================
Received Import Request.
  Time since last request: 0.000026 seconds.
  path: Assets/mapa/Models/tiles/hex/obj/hex_forest_roadL_detail.obj
  artifactKey: Guid(c8d26f787bd971e418e8f9f10d2e6f63) Importer(815301076,1909f56bfc062723c751e8b465ee728b)
Start importing Assets/mapa/Models/tiles/hex/obj/hex_forest_roadL_detail.obj using Guid(c8d26f787bd971e418e8f9f10d2e6f63) Importer(815301076,1909f56bfc062723c751e8b465ee728b)  -> (artifact id: 'a997ad16b1212391db2d87cfa2a8c4ef') in 0.040786 seconds
Number of updated asset objects reloaded before import = 0
Number of asset objects unloaded after import = 12
========================================================================
Received Import Request.
  Time since last request: 0.000024 seconds.
  path: Assets/mapa/Models/tiles/hex/obj/hex_forest_waterA.obj
  artifactKey: Guid(ca4ddff2136b45341a3f505592e23c7d) Importer(815301076,1909f56bfc062723c751e8b465ee728b)
Start importing Assets/mapa/Models/tiles/hex/obj/hex_forest_waterA.obj using Guid(ca4ddff2136b45341a3f505592e23c7d) Importer(815301076,1909f56bfc062723c751e8b465ee728b)  -> (artifact id: 'cfac55f607c83cfb5285e8e5167dda0f') in 0.036680 seconds
Number of updated asset objects reloaded before import = 0
Number of asset objects unloaded after import = 11
========================================================================
Received Import Request.
  Time since last request: 0.000035 seconds.
  path: Assets/mapa/Models/tiles/hex/obj/hex_forest_roadD.obj
  artifactKey: Guid(540180b73f054f1418ed1b588b0ac352) Importer(815301076,1909f56bfc062723c751e8b465ee728b)
Start importing Assets/mapa/Models/tiles/hex/obj/hex_forest_roadD.obj using Guid(540180b73f054f1418ed1b588b0ac352) Importer(815301076,1909f56bfc062723c751e8b465ee728b)  -> (artifact id: 'c2bd7c5bf6dd5d81d920b4c764e851b7') in 0.036919 seconds
Number of updated asset objects reloaded before import = 0
Number of asset objects unloaded after import = 11
========================================================================
Received Import Request.
  Time since last request: 0.000025 seconds.
  path: Assets/mapa/Models/tiles/hex/obj/hex_forest_roadE.obj
  artifactKey: Guid(31b5a9afd20b80b4ba4f6e7309cb7539) Importer(815301076,1909f56bfc062723c751e8b465ee728b)
Start importing Assets/mapa/Models/tiles/hex/obj/hex_forest_roadE.obj using Guid(31b5a9afd20b80b4ba4f6e7309cb7539) Importer(815301076,1909f56bfc062723c751e8b465ee728b)  -> (artifact id: '4c36423cd4925e66bd54a53614e102f3') in 0.034503 seconds
Number of updated asset objects reloaded before import = 0
Number of asset objects unloaded after import = 11
========================================================================
Received Import Request.
  Time since last request: 0.000037 seconds.
  path: Assets/mapa/Models/tiles/hex/fbx/hex_forest_roadK.fbx
  artifactKey: Guid(fb78cf0e674af5a4c82f4efbeb0bae84) Importer(815301076,1909f56bfc062723c751e8b465ee728b)
Start importing Assets/mapa/Models/tiles/hex/fbx/hex_forest_roadK.fbx using Guid(fb78cf0e674af5a4c82f4efbeb0bae84) Importer(815301076,1909f56bfc062723c751e8b465ee728b)  -> (artifact id: 'bd2f0d60d01c21812cacc8605c2f17ba') in 0.032959 seconds
Number of updated asset objects reloaded before import = 0
Number of asset objects unloaded after import = 9
========================================================================
Received Import Request.
  Time since last request: 0.000030 seconds.
  path: Assets/mapa/Models/tiles/hex/obj/hex_forest_roadE_detail.obj
  artifactKey: Guid(5631997defa224541a5050838b4fd0f8) Importer(815301076,1909f56bfc062723c751e8b465ee728b)
Start importing Assets/mapa/Models/tiles/hex/obj/hex_forest_roadE_detail.obj using Guid(5631997defa224541a5050838b4fd0f8) Importer(815301076,1909f56bfc062723c751e8b465ee728b)  -> (artifact id: '7a94320c570eb42f0d768a5e4b341178') in 0.031562 seconds
Number of updated asset objects reloaded before import = 0
Number of asset objects unloaded after import = 12
========================================================================
Received Import Request.
  Time since last request: 0.547546 seconds.
  path: Assets/Materials/enemyMaterial.mat
  artifactKey: Guid(1f309149693fa7940afd53a40b04d7b6) Importer(815301076,1909f56bfc062723c751e8b465ee728b)
Start importing Assets/Materials/enemyMaterial.mat using Guid(1f309149693fa7940afd53a40b04d7b6) Importer(815301076,1909f56bfc062723c751e8b465ee728b)  -> (artifact id: '2658e2b04ee19c4e01c2062a3c591bf5') in 0.014040 seconds
Number of updated asset objects reloaded before import = 0
Number of asset objects unloaded after import = 1
========================================================================
Received Import Request.
  Time since last request: 16.430689 seconds.
  path: Assets/KayKit Character Animations 1.2/Animations/fbx/Single Animations/AttackCombo.fbx
  artifactKey: Guid(e9086db503353244e8027569b8773ecd) Importer(815301076,1909f56bfc062723c751e8b465ee728b)
Start importing Assets/KayKit Character Animations 1.2/Animations/fbx/Single Animations/AttackCombo.fbx using Guid(e9086db503353244e8027569b8773ecd) Importer(815301076,1909f56bfc062723c751e8b465ee728b)  -> (artifact id: '6008723e88d51d7aff5bf63aca4fa61d') in 0.112462 seconds
Number of updated asset objects reloaded before import = 0
Number of asset objects unloaded after import = 24
========================================================================
Received Import Request.
  Time since last request: 10.691906 seconds.
  path: Assets/Building.prefab
  artifactKey: Guid(71d908fe97c37934c9b668b1255bfabf) Importer(815301076,1909f56bfc062723c751e8b465ee728b)
Start importing Assets/Building.prefab using Guid(71d908fe97c37934c9b668b1255bfabf) Importer(815301076,1909f56bfc062723c751e8b465ee728b)  -> (artifact id: 'c281e408a7048b6ebdd17d6dc9f7192e') in 0.007018 seconds
Number of updated asset objects reloaded before import = 0
Number of asset objects unloaded after import = 25
========================================================================
Received Import Request.
  Time since last request: 1.721034 seconds.
  path: Assets/Building.prefab
  artifactKey: Guid(71d908fe97c37934c9b668b1255bfabf) Importer(815301076,1909f56bfc062723c751e8b465ee728b)
Start importing Assets/Building.prefab using Guid(71d908fe97c37934c9b668b1255bfabf) Importer(815301076,1909f56bfc062723c751e8b465ee728b)  -> (artifact id: 'f222adb16dd6de9cfcbfe71be886d61a') in 0.009961 seconds
Number of updated asset objects reloaded before import = 0
Number of asset objects unloaded after import = 25
========================================================================
Received Import Request.
  Time since last request: 12.098137 seconds.
  path: Assets/Building.prefab
  artifactKey: Guid(71d908fe97c37934c9b668b1255bfabf) Importer(815301076,1909f56bfc062723c751e8b465ee728b)
Start importing Assets/Building.prefab using Guid(71d908fe97c37934c9b668b1255bfabf) Importer(815301076,1909f56bfc062723c751e8b465ee728b)  -> (artifact id: 'aa7f43691732ece1827cf391ed70d774') in 0.007825 seconds
Number of updated asset objects reloaded before import = 0
Number of asset objects unloaded after import = 25
========================================================================
Received Import Request.
  Time since last request: 1.988948 seconds.
  path: Assets/Building.prefab
  artifactKey: Guid(71d908fe97c37934c9b668b1255bfabf) Importer(815301076,1909f56bfc062723c751e8b465ee728b)
Start importing Assets/Building.prefab using Guid(71d908fe97c37934c9b668b1255bfabf) Importer(815301076,1909f56bfc062723c751e8b465ee728b)  -> (artifact id: 'b8e79e35dbdf759f819f6c9296e1a530') in 0.005903 seconds
Number of updated asset objects reloaded before import = 0
Number of asset objects unloaded after import = 25
========================================================================
Received Import Request.
  Time since last request: 1.405256 seconds.
  path: Assets/Building.prefab
  artifactKey: Guid(71d908fe97c37934c9b668b1255bfabf) Importer(815301076,1909f56bfc062723c751e8b465ee728b)
Start importing Assets/Building.prefab using Guid(71d908fe97c37934c9b668b1255bfabf) Importer(815301076,1909f56bfc062723c751e8b465ee728b)  -> (artifact id: 'b502206c9f273a384c5ea1e8639542f0') in 0.010177 seconds
Number of updated asset objects reloaded before import = 0
Number of asset objects unloaded after import = 25
========================================================================
Received Import Request.
  Time since last request: 5.424858 seconds.
  path: Assets/Building.prefab
  artifactKey: Guid(71d908fe97c37934c9b668b1255bfabf) Importer(815301076,1909f56bfc062723c751e8b465ee728b)
Start importing Assets/Building.prefab using Guid(71d908fe97c37934c9b668b1255bfabf) Importer(815301076,1909f56bfc062723c751e8b465ee728b)  -> (artifact id: 'c1b7f80506275a92befe86f0bc2f8228') in 0.006054 seconds
Number of updated asset objects reloaded before import = 0
Number of asset objects unloaded after import = 25
========================================================================
Received Import Request.
  Time since last request: 3.011277 seconds.
  path: Assets/Building.prefab
  artifactKey: Guid(71d908fe97c37934c9b668b1255bfabf) Importer(815301076,1909f56bfc062723c751e8b465ee728b)
Start importing Assets/Building.prefab using Guid(71d908fe97c37934c9b668b1255bfabf) Importer(815301076,1909f56bfc062723c751e8b465ee728b)  -> (artifact id: 'af3e58da5047d607ddd77d7b3dd015d5') in 0.006501 seconds
Number of updated asset objects reloaded before import = 0
Number of asset objects unloaded after import = 25
========================================================================
Received Import Request.
  Time since last request: 1.418374 seconds.
  path: Assets/Building.prefab
  artifactKey: Guid(71d908fe97c37934c9b668b1255bfabf) Importer(815301076,1909f56bfc062723c751e8b465ee728b)
Start importing Assets/Building.prefab using Guid(71d908fe97c37934c9b668b1255bfabf) Importer(815301076,1909f56bfc062723c751e8b465ee728b)  -> (artifact id: '124a99edf5a54d89a20feb559011cb33') in 0.061067 seconds
Number of updated asset objects reloaded before import = 0
Number of asset objects unloaded after import = 25
========================================================================
Received Import Request.
  Time since last request: 4.401643 seconds.
  path: Assets/Building.prefab
  artifactKey: Guid(71d908fe97c37934c9b668b1255bfabf) Importer(815301076,1909f56bfc062723c751e8b465ee728b)
Start importing Assets/Building.prefab using Guid(71d908fe97c37934c9b668b1255bfabf) Importer(815301076,1909f56bfc062723c751e8b465ee728b)  -> (artifact id: '64c577d5648db42ed0995d010ab37538') in 0.022801 seconds
Number of updated asset objects reloaded before import = 0
Number of asset objects unloaded after import = 25
========================================================================
Received Import Request.
  Time since last request: 8.805243 seconds.
  path: Assets/Building.prefab
  artifactKey: Guid(71d908fe97c37934c9b668b1255bfabf) Importer(815301076,1909f56bfc062723c751e8b465ee728b)
Start importing Assets/Building.prefab using Guid(71d908fe97c37934c9b668b1255bfabf) Importer(815301076,1909f56bfc062723c751e8b465ee728b)  -> (artifact id: '20d9991a365fbcd5bacff2651740406a') in 0.006366 seconds
Number of updated asset objects reloaded before import = 0
Number of asset objects unloaded after import = 25
========================================================================
Received Import Request.
  Time since last request: 4.870150 seconds.
  path: Assets/Building.prefab
  artifactKey: Guid(71d908fe97c37934c9b668b1255bfabf) Importer(815301076,1909f56bfc062723c751e8b465ee728b)
Start importing Assets/Building.prefab using Guid(71d908fe97c37934c9b668b1255bfabf) Importer(815301076,1909f56bfc062723c751e8b465ee728b)  -> (artifact id: 'a9002a24b55d559a4882bf850eabe67b') in 0.013473 seconds
Number of updated asset objects reloaded before import = 0
Number of asset objects unloaded after import = 25
========================================================================
Received Import Request.
  Time since last request: 12.672387 seconds.
  path: Assets/Building.prefab
  artifactKey: Guid(71d908fe97c37934c9b668b1255bfabf) Importer(815301076,1909f56bfc062723c751e8b465ee728b)
Start importing Assets/Building.prefab using Guid(71d908fe97c37934c9b668b1255bfabf) Importer(815301076,1909f56bfc062723c751e8b465ee728b)  -> (artifact id: '66339d34915315e9776fb637ae743790') in 0.019502 seconds
Number of updated asset objects reloaded before import = 0
Number of asset objects unloaded after import = 25
========================================================================
Received Import Request.
  Time since last request: 2.967496 seconds.
  path: Assets/Building.prefab
  artifactKey: Guid(71d908fe97c37934c9b668b1255bfabf) Importer(815301076,1909f56bfc062723c751e8b465ee728b)
Start importing Assets/Building.prefab using Guid(71d908fe97c37934c9b668b1255bfabf) Importer(815301076,1909f56bfc062723c751e8b465ee728b)  -> (artifact id: 'b8340c0df50bf7518b9797fe42751781') in 0.005117 seconds
Number of updated asset objects reloaded before import = 0
Number of asset objects unloaded after import = 21
========================================================================
Received Import Request.
  Time since last request: 0.404530 seconds.
  path: Assets/Building.prefab
  artifactKey: Guid(71d908fe97c37934c9b668b1255bfabf) Importer(815301076,1909f56bfc062723c751e8b465ee728b)
Start importing Assets/Building.prefab using Guid(71d908fe97c37934c9b668b1255bfabf) Importer(815301076,1909f56bfc062723c751e8b465ee728b)  -> (artifact id: '1a80417015b8734429658b4e0bff163e') in 0.005165 seconds
Number of updated asset objects reloaded before import = 0
Number of asset objects unloaded after import = 17
========================================================================
Received Import Request.
  Time since last request: 2.863305 seconds.
  path: Assets/Building.prefab
  artifactKey: Guid(71d908fe97c37934c9b668b1255bfabf) Importer(815301076,1909f56bfc062723c751e8b465ee728b)
Start importing Assets/Building.prefab using Guid(71d908fe97c37934c9b668b1255bfabf) Importer(815301076,1909f56bfc062723c751e8b465ee728b)  -> (artifact id: '1b23b5acbcab53618abf175989081d9f') in 0.027836 seconds
Number of updated asset objects reloaded before import = 0
Number of asset objects unloaded after import = 21
========================================================================
Received Import Request.
  Time since last request: 2.792311 seconds.
  path: Assets/Building.prefab
  artifactKey: Guid(71d908fe97c37934c9b668b1255bfabf) Importer(815301076,1909f56bfc062723c751e8b465ee728b)
Start importing Assets/Building.prefab using Guid(71d908fe97c37934c9b668b1255bfabf) Importer(815301076,1909f56bfc062723c751e8b465ee728b)  -> (artifact id: '2c077c5612d2cc49f4919fcdad799565') in 0.010681 seconds
Number of updated asset objects reloaded before import = 0
Number of asset objects unloaded after import = 21
========================================================================
Received Import Request.
  Time since last request: 1.395404 seconds.
  path: Assets/Building.prefab
  artifactKey: Guid(71d908fe97c37934c9b668b1255bfabf) Importer(815301076,1909f56bfc062723c751e8b465ee728b)
Start importing Assets/Building.prefab using Guid(71d908fe97c37934c9b668b1255bfabf) Importer(815301076,1909f56bfc062723c751e8b465ee728b)  -> (artifact id: '0e742df89cb6ba28bd52472f2396c95f') in 0.018264 seconds
Number of updated asset objects reloaded before import = 0
Number of asset objects unloaded after import = 21
========================================================================
Received Import Request.
  Time since last request: 10.505935 seconds.
  path: Assets/Building.prefab
  artifactKey: Guid(71d908fe97c37934c9b668b1255bfabf) Importer(815301076,1909f56bfc062723c751e8b465ee728b)
Start importing Assets/Building.prefab using Guid(71d908fe97c37934c9b668b1255bfabf) Importer(815301076,1909f56bfc062723c751e8b465ee728b)  -> (artifact id: '597728f0bb6484b6a780aca7281526a8') in 0.007203 seconds
Number of updated asset objects reloaded before import = 0
Number of asset objects unloaded after import = 21
========================================================================
Received Import Request.
  Time since last request: 3.792013 seconds.
  path: Assets/Building.prefab
  artifactKey: Guid(71d908fe97c37934c9b668b1255bfabf) Importer(815301076,1909f56bfc062723c751e8b465ee728b)
Start importing Assets/Building.prefab using Guid(71d908fe97c37934c9b668b1255bfabf) Importer(815301076,1909f56bfc062723c751e8b465ee728b)  -> (artifact id: 'c7c5be5e8e657c59be84be44456899be') in 0.008742 seconds
Number of updated asset objects reloaded before import = 0
Number of asset objects unloaded after import = 21
========================================================================
Received Import Request.
  Time since last request: 1.213408 seconds.
  path: Assets/Building.prefab
  artifactKey: Guid(71d908fe97c37934c9b668b1255bfabf) Importer(815301076,1909f56bfc062723c751e8b465ee728b)
Start importing Assets/Building.prefab using Guid(71d908fe97c37934c9b668b1255bfabf) Importer(815301076,1909f56bfc062723c751e8b465ee728b)  -> (artifact id: '45b215c02a0d781ea6805d6b1a0dcb23') in 0.006463 seconds
Number of updated asset objects reloaded before import = 0
Number of asset objects unloaded after import = 21
========================================================================
Received Import Request.
  Time since last request: 7.442449 seconds.
  path: Assets/Building.prefab
  artifactKey: Guid(71d908fe97c37934c9b668b1255bfabf) Importer(815301076,1909f56bfc062723c751e8b465ee728b)
Start importing Assets/Building.prefab using Guid(71d908fe97c37934c9b668b1255bfabf) Importer(815301076,1909f56bfc062723c751e8b465ee728b)  -> (artifact id: 'd245aaabc21eb2415a54a2314bfa8760') in 0.005615 seconds
Number of updated asset objects reloaded before import = 0
Number of asset objects unloaded after import = 21
========================================================================
Received Import Request.
  Time since last request: 1.823176 seconds.
  path: Assets/Building.prefab
  artifactKey: Guid(71d908fe97c37934c9b668b1255bfabf) Importer(815301076,1909f56bfc062723c751e8b465ee728b)
Start importing Assets/Building.prefab using Guid(71d908fe97c37934c9b668b1255bfabf) Importer(815301076,1909f56bfc062723c751e8b465ee728b)  -> (artifact id: '7cdfab73812d2af38eb465585b4afe86') in 0.005565 seconds
Number of updated asset objects reloaded before import = 0
Number of asset objects unloaded after import = 21
========================================================================
Received Import Request.
  Time since last request: 6.483146 seconds.
  path: Assets/Building.prefab
  artifactKey: Guid(71d908fe97c37934c9b668b1255bfabf) Importer(815301076,1909f56bfc062723c751e8b465ee728b)
Start importing Assets/Building.prefab using Guid(71d908fe97c37934c9b668b1255bfabf) Importer(815301076,1909f56bfc062723c751e8b465ee728b)  -> (artifact id: 'fda69d5482a5bf7bc2ee427fc6d24461') in 0.006878 seconds
Number of updated asset objects reloaded before import = 0
Number of asset objects unloaded after import = 21
========================================================================
Received Import Request.
  Time since last request: 1.399833 seconds.
  path: Assets/Building.prefab
  artifactKey: Guid(71d908fe97c37934c9b668b1255bfabf) Importer(815301076,1909f56bfc062723c751e8b465ee728b)
Start importing Assets/Building.prefab using Guid(71d908fe97c37934c9b668b1255bfabf) Importer(815301076,1909f56bfc062723c751e8b465ee728b)  -> (artifact id: 'c52817d1a423839ff377cb3d3720abbe') in 0.005230 seconds
Number of updated asset objects reloaded before import = 0
Number of asset objects unloaded after import = 21
========================================================================
Received Import Request.
  Time since last request: 1.197348 seconds.
  path: Assets/Building.prefab
  artifactKey: Guid(71d908fe97c37934c9b668b1255bfabf) Importer(815301076,1909f56bfc062723c751e8b465ee728b)
Start importing Assets/Building.prefab using Guid(71d908fe97c37934c9b668b1255bfabf) Importer(815301076,1909f56bfc062723c751e8b465ee728b)  -> (artifact id: '14ffc88a3dee6a42b65b175f2e7e6b8e') in 0.006465 seconds
Number of updated asset objects reloaded before import = 0
Number of asset objects unloaded after import = 21
========================================================================
Received Import Request.
  Time since last request: 1.630597 seconds.
  path: Assets/Building.prefab
  artifactKey: Guid(71d908fe97c37934c9b668b1255bfabf) Importer(815301076,1909f56bfc062723c751e8b465ee728b)
Start importing Assets/Building.prefab using Guid(71d908fe97c37934c9b668b1255bfabf) Importer(815301076,1909f56bfc062723c751e8b465ee728b)  -> (artifact id: '5d51c17c9a44f88422b714d5c410f316') in 0.009659 seconds
Number of updated asset objects reloaded before import = 0
Number of asset objects unloaded after import = 25
========================================================================
Received Import Request.
  Time since last request: 4.864904 seconds.
  path: Assets/Building.prefab
  artifactKey: Guid(71d908fe97c37934c9b668b1255bfabf) Importer(815301076,1909f56bfc062723c751e8b465ee728b)
Start importing Assets/Building.prefab using Guid(71d908fe97c37934c9b668b1255bfabf) Importer(815301076,1909f56bfc062723c751e8b465ee728b)  -> (artifact id: '5ce7ebdecca5203f2895662d1f30a22d') in 0.011465 seconds
Number of updated asset objects reloaded before import = 0
Number of asset objects unloaded after import = 25
========================================================================
Received Import Request.
  Time since last request: 4.179721 seconds.
  path: Assets/Building.prefab
  artifactKey: Guid(71d908fe97c37934c9b668b1255bfabf) Importer(815301076,1909f56bfc062723c751e8b465ee728b)
Start importing Assets/Building.prefab using Guid(71d908fe97c37934c9b668b1255bfabf) Importer(815301076,1909f56bfc062723c751e8b465ee728b)  -> (artifact id: 'cdf4353002a5957208f97b2569abe095') in 0.008652 seconds
Number of updated asset objects reloaded before import = 0
Number of asset objects unloaded after import = 25
========================================================================
Received Import Request.
  Time since last request: 4.468743 seconds.
  path: Assets/Building.prefab
  artifactKey: Guid(71d908fe97c37934c9b668b1255bfabf) Importer(815301076,1909f56bfc062723c751e8b465ee728b)
Start importing Assets/Building.prefab using Guid(71d908fe97c37934c9b668b1255bfabf) Importer(815301076,1909f56bfc062723c751e8b465ee728b)  -> (artifact id: '3a4642b951ba25dcf58ed34a8a3b8d4c') in 0.006795 seconds
Number of updated asset objects reloaded before import = 0
Number of asset objects unloaded after import = 25
========================================================================
Received Import Request.
  Time since last request: 3.046559 seconds.
  path: Assets/Building.prefab
  artifactKey: Guid(71d908fe97c37934c9b668b1255bfabf) Importer(815301076,1909f56bfc062723c751e8b465ee728b)
Start importing Assets/Building.prefab using Guid(71d908fe97c37934c9b668b1255bfabf) Importer(815301076,1909f56bfc062723c751e8b465ee728b)  -> (artifact id: 'bca8440cb161a1281f3441da11439842') in 0.005283 seconds
Number of updated asset objects reloaded before import = 0
Number of asset objects unloaded after import = 25
========================================================================
Received Import Request.
  Time since last request: 4.521428 seconds.
  path: Assets/Samples/AI Navigation/1.1.4/Build And Connect NavMesh Surfaces/Prefabs/BanyanTree.prefab
  artifactKey: Guid(46d69f622d1354ee0820b7921e262b38) Importer(815301076,1909f56bfc062723c751e8b465ee728b)
Start importing Assets/Samples/AI Navigation/1.1.4/Build And Connect NavMesh Surfaces/Prefabs/BanyanTree.prefab using Guid(46d69f622d1354ee0820b7921e262b38) Importer(815301076,1909f56bfc062723c751e8b465ee728b)  -> (artifact id: '79e15ff9690c58faf1fac31c9cbb8728') in 0.042754 seconds
Number of updated asset objects reloaded before import = 0
Number of asset objects unloaded after import = 11
========================================================================
Received Import Request.
  Time since last request: 52.421904 seconds.
  path: Assets/Building.prefab
  artifactKey: Guid(71d908fe97c37934c9b668b1255bfabf) Importer(815301076,1909f56bfc062723c751e8b465ee728b)
Start importing Assets/Building.prefab using Guid(71d908fe97c37934c9b668b1255bfabf) Importer(815301076,1909f56bfc062723c751e8b465ee728b)  -> (artifact id: 'e9a22f6f6871ff8b59f0fe24632ffee1') in 0.013525 seconds
Number of updated asset objects reloaded before import = 0
Number of asset objects unloaded after import = 25
========================================================================
Received Import Request.
  Time since last request: 101.802385 seconds.
  path: Assets/Building.prefab
  artifactKey: Guid(71d908fe97c37934c9b668b1255bfabf) Importer(815301076,1909f56bfc062723c751e8b465ee728b)
Start importing Assets/Building.prefab using Guid(71d908fe97c37934c9b668b1255bfabf) Importer(815301076,1909f56bfc062723c751e8b465ee728b)  -> (artifact id: 'b4e992a6957798086ca5f937fd34f847') in 0.014926 seconds
Number of updated asset objects reloaded before import = 0
Number of asset objects unloaded after import = 25
========================================================================
Received Prepare
Begin MonoManager ReloadAssembly
Symbol file LoadedFromMemory doesn't match image C:\Users\jamiealexander.lobba\Desktop\proj\ProjectesIII_RTS\RTS\Library\PackageCache\com.unity.visualscripting@1.8.0\Editor\VisualScripting.Core\Dependencies\YamlDotNet\Unity.VisualScripting.YamlDotNet.dll
Symbol file LoadedFromMemory doesn't match image C:\Users\jamiealexander.lobba\Desktop\proj\ProjectesIII_RTS\RTS\Library\PackageCache\com.unity.visualscripting@1.8.0\Editor\VisualScripting.Core\Dependencies\DotNetZip\Unity.VisualScripting.IonicZip.dll
- Loaded All Assemblies, in  0.461 seconds
Refreshing native plugins compatible for Editor in 3.25 ms, found 3 plugins.
Native extension for UWP target not found
Native extension for WindowsStandalone target not found
Native extension for Android target not found
Mono: successfully reloaded assembly
- Finished resetting the current domain, in  0.596 seconds
Domain Reload Profiling: 1055ms
	BeginReloadAssembly (99ms)
		ExecutionOrderSort (0ms)
		DisableScriptedObjects (3ms)
		BackupInstance (0ms)
		ReleaseScriptingObjects (0ms)
		CreateAndSetChildDomain (28ms)
	RebuildCommonClasses (19ms)
	RebuildNativeTypeToScriptingClass (7ms)
	initialDomainReloadingComplete (22ms)
	LoadAllAssembliesAndSetupDomain (312ms)
		LoadAssemblies (187ms)
		RebuildTransferFunctionScriptingTraits (0ms)
		AnalyzeDomain (167ms)
			TypeCache.Refresh (157ms)
				TypeCache.ScanAssembly (150ms)
			ScanForSourceGeneratedMonoScriptInfo (3ms)
			ResolveRequiredComponents (6ms)
	FinalizeReload (596ms)
		ReleaseScriptCaches (0ms)
		RebuildScriptCaches (0ms)
		SetupLoadedEditorAssemblies (260ms)
			LogAssemblyErrors (0ms)
			InitializePlatformSupportModulesInManaged (17ms)
			SetLoadedEditorAssemblies (2ms)
			RefreshPlugins (0ms)
			BeforeProcessingInitializeOnLoad (43ms)
			ProcessInitializeOnLoadAttributes (146ms)
			ProcessInitializeOnLoadMethodAttributes (47ms)
			AfterProcessingInitializeOnLoad (4ms)
			EditorAssembliesLoaded (0ms)
		ExecutionOrderSort2 (0ms)
		AwakeInstancesAfterBackupRestoration (5ms)
Refreshing native plugins compatible for Editor in 3.18 ms, found 3 plugins.
Preloading 0 native plugins for Editor in 0.00 ms.
Unloading 4852 Unused Serialized files (Serialized files now loaded: 0)
Unloading 46 unused Assets / (0.7 MB). Loaded Objects now: 5477.
Memory consumption went from 186.1 MB to 185.4 MB.
Total: 3.956400 ms (FindLiveObjects: 0.480700 ms CreateObjectMapping: 0.173200 ms MarkObjects: 2.773600 ms  DeleteObjects: 0.526500 ms)

Prepare: number of updated asset objects reloaded= 0
AssetImportParameters requested are different than current active one (requested -> active):
  custom:container-demuxer-ogg: 62fdf1f143b41e24485cea50d1cbac27 -> 
  custom:video-codec-MediaFoundation-h265: 746d11721c4dcdbdad8f713fa42b33f4 -> 
  custom:video-decoder-ogg-theora: a1e56fd34408186e4bbccfd4996cb3dc -> 
  custom:framework-win-MediaFoundation: 216162199b28c13a410421893ffa2e32 -> 
  custom:container-demuxer-webm: 4f35f7cbe854078d1ac9338744f61a02 -> 
  custom:container-muxer-webm: aa71ff27fc2769a1b78a27578f13a17b -> 
  custom:video-decoder-webm-vp8: 9c59270c3fd7afecdb556c50c9e8de78 -> 
  custom:AudioImporter_EditorPlatform: d09bf68614088b80899f8185d706f6e7 -> 
  custom:video-encoder-webm-vp8: eb34c28f22e8b96e1ab97ce403110664 -> 
  custom:audio-decoder-ogg-vorbis: bf7c407c2cedff20999df2af8eb42d56 -> 
  custom:audio-encoder-webm-vorbis: bf7c407c2cedff20999df2af8eb42d56 -> 
========================================================================
Received Import Request.
  Time since last request: 55.752545 seconds.
  path: Assets/Building.prefab
  artifactKey: Guid(71d908fe97c37934c9b668b1255bfabf) Importer(815301076,1909f56bfc062723c751e8b465ee728b)
Start importing Assets/Building.prefab using Guid(71d908fe97c37934c9b668b1255bfabf) Importer(815301076,1909f56bfc062723c751e8b465ee728b)  -> (artifact id: '6efc3ec1f587048b742e119ab171bab7') in 0.054797 seconds
Number of updated asset objects reloaded before import = 0
Number of asset objects unloaded after import = 25
========================================================================
Received Import Request.
  Time since last request: 15.771846 seconds.
  path: Assets/Building.prefab
  artifactKey: Guid(71d908fe97c37934c9b668b1255bfabf) Importer(815301076,1909f56bfc062723c751e8b465ee728b)
Start importing Assets/Building.prefab using Guid(71d908fe97c37934c9b668b1255bfabf) Importer(815301076,1909f56bfc062723c751e8b465ee728b)  -> (artifact id: '0f20b5757a4745a910f326aa05b914e9') in 0.013437 seconds
Number of updated asset objects reloaded before import = 0
Number of asset objects unloaded after import = 25
========================================================================
Received Import Request.
  Time since last request: 7.070483 seconds.
  path: Assets/Building.prefab
  artifactKey: Guid(71d908fe97c37934c9b668b1255bfabf) Importer(815301076,1909f56bfc062723c751e8b465ee728b)
Start importing Assets/Building.prefab using Guid(71d908fe97c37934c9b668b1255bfabf) Importer(815301076,1909f56bfc062723c751e8b465ee728b)  -> (artifact id: '110c414290100dd60cf1cd8afc6d9220') in 0.008559 seconds
Number of updated asset objects reloaded before import = 0
Number of asset objects unloaded after import = 25
========================================================================
Received Import Request.
  Time since last request: 39.432071 seconds.
  path: Assets/Building.prefab
  artifactKey: Guid(71d908fe97c37934c9b668b1255bfabf) Importer(815301076,1909f56bfc062723c751e8b465ee728b)
Start importing Assets/Building.prefab using Guid(71d908fe97c37934c9b668b1255bfabf) Importer(815301076,1909f56bfc062723c751e8b465ee728b)  -> (artifact id: '7fecee449a74a8c7d4b2c33bedec160d') in 0.009553 seconds
Number of updated asset objects reloaded before import = 0
Number of asset objects unloaded after import = 25
========================================================================
Received Import Request.
  Time since last request: 9.639737 seconds.
  path: Assets/Building.prefab
  artifactKey: Guid(71d908fe97c37934c9b668b1255bfabf) Importer(815301076,1909f56bfc062723c751e8b465ee728b)
Start importing Assets/Building.prefab using Guid(71d908fe97c37934c9b668b1255bfabf) Importer(815301076,1909f56bfc062723c751e8b465ee728b)  -> (artifact id: 'b7809475f919920f9ca3eb6a9043fe20') in 0.012525 seconds
Number of updated asset objects reloaded before import = 0
Number of asset objects unloaded after import = 25
========================================================================
Received Import Request.
  Time since last request: 12.244926 seconds.
  path: Assets/Building.prefab
  artifactKey: Guid(71d908fe97c37934c9b668b1255bfabf) Importer(815301076,1909f56bfc062723c751e8b465ee728b)
Start importing Assets/Building.prefab using Guid(71d908fe97c37934c9b668b1255bfabf) Importer(815301076,1909f56bfc062723c751e8b465ee728b)  -> (artifact id: '18a403ee974e8a914008d4b23e0f3374') in 0.011071 seconds
Number of updated asset objects reloaded before import = 0
Number of asset objects unloaded after import = 25
========================================================================
Received Prepare
Begin MonoManager ReloadAssembly
Symbol file LoadedFromMemory doesn't match image C:\Users\jamiealexander.lobba\Desktop\proj\ProjectesIII_RTS\RTS\Library\PackageCache\com.unity.visualscripting@1.8.0\Editor\VisualScripting.Core\Dependencies\YamlDotNet\Unity.VisualScripting.YamlDotNet.dll
Symbol file LoadedFromMemory doesn't match image C:\Users\jamiealexander.lobba\Desktop\proj\ProjectesIII_RTS\RTS\Library\PackageCache\com.unity.visualscripting@1.8.0\Editor\VisualScripting.Core\Dependencies\DotNetZip\Unity.VisualScripting.IonicZip.dll
- Loaded All Assemblies, in  0.856 seconds
Refreshing native plugins compatible for Editor in 4.28 ms, found 3 plugins.
Native extension for UWP target not found
Native extension for WindowsStandalone target not found
Native extension for Android target not found
Mono: successfully reloaded assembly
- Finished resetting the current domain, in  1.046 seconds
Domain Reload Profiling: 1899ms
	BeginReloadAssembly (140ms)
		ExecutionOrderSort (0ms)
		DisableScriptedObjects (5ms)
		BackupInstance (0ms)
		ReleaseScriptingObjects (0ms)
		CreateAndSetChildDomain (37ms)
	RebuildCommonClasses (45ms)
	RebuildNativeTypeToScriptingClass (12ms)
	initialDomainReloadingComplete (38ms)
	LoadAllAssembliesAndSetupDomain (617ms)
		LoadAssemblies (334ms)
		RebuildTransferFunctionScriptingTraits (0ms)
		AnalyzeDomain (350ms)
			TypeCache.Refresh (332ms)
				TypeCache.ScanAssembly (319ms)
			ScanForSourceGeneratedMonoScriptInfo (6ms)
			ResolveRequiredComponents (12ms)
	FinalizeReload (1047ms)
		ReleaseScriptCaches (0ms)
		RebuildScriptCaches (0ms)
		SetupLoadedEditorAssemblies (361ms)
			LogAssemblyErrors (0ms)
			InitializePlatformSupportModulesInManaged (27ms)
			SetLoadedEditorAssemblies (3ms)
			RefreshPlugins (0ms)
			BeforeProcessingInitializeOnLoad (77ms)
			ProcessInitializeOnLoadAttributes (210ms)
			ProcessInitializeOnLoadMethodAttributes (41ms)
			AfterProcessingInitializeOnLoad (3ms)
			EditorAssembliesLoaded (0ms)
		ExecutionOrderSort2 (0ms)
		AwakeInstancesAfterBackupRestoration (4ms)
Refreshing native plugins compatible for Editor in 5.02 ms, found 3 plugins.
Preloading 0 native plugins for Editor in 0.00 ms.
Unloading 4852 Unused Serialized files (Serialized files now loaded: 0)
Unloading 46 unused Assets / (0.7 MB). Loaded Objects now: 5480.
Memory consumption went from 186.1 MB to 185.4 MB.
Total: 5.759900 ms (FindLiveObjects: 0.728500 ms CreateObjectMapping: 0.339600 ms MarkObjects: 4.180700 ms  DeleteObjects: 0.508700 ms)

Prepare: number of updated asset objects reloaded= 0
AssetImportParameters requested are different than current active one (requested -> active):
  custom:container-demuxer-ogg: 62fdf1f143b41e24485cea50d1cbac27 -> 
  custom:video-codec-MediaFoundation-h265: 746d11721c4dcdbdad8f713fa42b33f4 -> 
  custom:video-decoder-ogg-theora: a1e56fd34408186e4bbccfd4996cb3dc -> 
  custom:framework-win-MediaFoundation: 216162199b28c13a410421893ffa2e32 -> 
  custom:container-demuxer-webm: 4f35f7cbe854078d1ac9338744f61a02 -> 
  custom:container-muxer-webm: aa71ff27fc2769a1b78a27578f13a17b -> 
  custom:video-decoder-webm-vp8: 9c59270c3fd7afecdb556c50c9e8de78 -> 
  custom:AudioImporter_EditorPlatform: d09bf68614088b80899f8185d706f6e7 -> 
  custom:video-encoder-webm-vp8: eb34c28f22e8b96e1ab97ce403110664 -> 
  custom:audio-decoder-ogg-vorbis: bf7c407c2cedff20999df2af8eb42d56 -> 
  custom:audio-encoder-webm-vorbis: bf7c407c2cedff20999df2af8eb42d56 -> 
========================================================================
Received Import Request.
  Time since last request: 595.348188 seconds.
  path: Assets/Building.prefab
  artifactKey: Guid(71d908fe97c37934c9b668b1255bfabf) Importer(815301076,1909f56bfc062723c751e8b465ee728b)
Start importing Assets/Building.prefab using Guid(71d908fe97c37934c9b668b1255bfabf) Importer(815301076,1909f56bfc062723c751e8b465ee728b)  -> (artifact id: 'd67fc729493eacc6da4fe9bc42f65fc4') in 0.051175 seconds
Number of updated asset objects reloaded before import = 0
Number of asset objects unloaded after import = 25
========================================================================
Received Import Request.
  Time since last request: 713.066254 seconds.
  path: Assets/Scenes/Mapa.unity
  artifactKey: Guid(088319838165dd9468c36bab1fd88bfe) Importer(815301076,1909f56bfc062723c751e8b465ee728b)
Start importing Assets/Scenes/Mapa.unity using Guid(088319838165dd9468c36bab1fd88bfe) Importer(815301076,1909f56bfc062723c751e8b465ee728b)  -> (artifact id: 'fba82ee596231ef7fed3add11e05cda9') in 0.000815 seconds
Number of updated asset objects reloaded before import = 0
Number of asset objects unloaded after import = 0
========================================================================
Received Prepare
Begin MonoManager ReloadAssembly
Symbol file LoadedFromMemory doesn't match image C:\Users\jamiealexander.lobba\Desktop\proj\ProjectesIII_RTS\RTS\Library\PackageCache\com.unity.visualscripting@1.8.0\Editor\VisualScripting.Core\Dependencies\YamlDotNet\Unity.VisualScripting.YamlDotNet.dll
Symbol file LoadedFromMemory doesn't match image C:\Users\jamiealexander.lobba\Desktop\proj\ProjectesIII_RTS\RTS\Library\PackageCache\com.unity.visualscripting@1.8.0\Editor\VisualScripting.Core\Dependencies\DotNetZip\Unity.VisualScripting.IonicZip.dll
- Loaded All Assemblies, in  0.455 seconds
Refreshing native plugins compatible for Editor in 2.08 ms, found 3 plugins.
Native extension for UWP target not found
Native extension for WindowsStandalone target not found
Native extension for Android target not found
Mono: successfully reloaded assembly
- Finished resetting the current domain, in  0.723 seconds
Domain Reload Profiling: 1176ms
	BeginReloadAssembly (99ms)
		ExecutionOrderSort (0ms)
		DisableScriptedObjects (3ms)
		BackupInstance (0ms)
		ReleaseScriptingObjects (0ms)
		CreateAndSetChildDomain (28ms)
	RebuildCommonClasses (19ms)
	RebuildNativeTypeToScriptingClass (7ms)
	initialDomainReloadingComplete (19ms)
	LoadAllAssembliesAndSetupDomain (310ms)
		LoadAssemblies (185ms)
		RebuildTransferFunctionScriptingTraits (0ms)
		AnalyzeDomain (166ms)
			TypeCache.Refresh (160ms)
				TypeCache.ScanAssembly (152ms)
			ScanForSourceGeneratedMonoScriptInfo (0ms)
			ResolveRequiredComponents (6ms)
	FinalizeReload (723ms)
		ReleaseScriptCaches (0ms)
		RebuildScriptCaches (0ms)
		SetupLoadedEditorAssemblies (325ms)
			LogAssemblyErrors (0ms)
			InitializePlatformSupportModulesInManaged (19ms)
			SetLoadedEditorAssemblies (2ms)
			RefreshPlugins (0ms)
			BeforeProcessingInitializeOnLoad (55ms)
			ProcessInitializeOnLoadAttributes (191ms)
			ProcessInitializeOnLoadMethodAttributes (54ms)
			AfterProcessingInitializeOnLoad (5ms)
			EditorAssembliesLoaded (0ms)
		ExecutionOrderSort2 (0ms)
		AwakeInstancesAfterBackupRestoration (6ms)
Refreshing native plugins compatible for Editor in 3.62 ms, found 3 plugins.
Preloading 0 native plugins for Editor in 0.00 ms.
Unloading 4852 Unused Serialized files (Serialized files now loaded: 0)
Unloading 46 unused Assets / (0.7 MB). Loaded Objects now: 5483.
Memory consumption went from 186.1 MB to 185.4 MB.
Total: 3.926800 ms (FindLiveObjects: 0.387200 ms CreateObjectMapping: 0.191400 ms MarkObjects: 2.914300 ms  DeleteObjects: 0.432700 ms)

Prepare: number of updated asset objects reloaded= 0
AssetImportParameters requested are different than current active one (requested -> active):
  custom:container-demuxer-ogg: 62fdf1f143b41e24485cea50d1cbac27 -> 
  custom:video-codec-MediaFoundation-h265: 746d11721c4dcdbdad8f713fa42b33f4 -> 
  custom:video-decoder-ogg-theora: a1e56fd34408186e4bbccfd4996cb3dc -> 
  custom:framework-win-MediaFoundation: 216162199b28c13a410421893ffa2e32 -> 
  custom:container-demuxer-webm: 4f35f7cbe854078d1ac9338744f61a02 -> 
  custom:container-muxer-webm: aa71ff27fc2769a1b78a27578f13a17b -> 
  custom:video-decoder-webm-vp8: 9c59270c3fd7afecdb556c50c9e8de78 -> 
  custom:AudioImporter_EditorPlatform: d09bf68614088b80899f8185d706f6e7 -> 
  custom:video-encoder-webm-vp8: eb34c28f22e8b96e1ab97ce403110664 -> 
  custom:audio-decoder-ogg-vorbis: bf7c407c2cedff20999df2af8eb42d56 -> 
  custom:audio-encoder-webm-vorbis: bf7c407c2cedff20999df2af8eb42d56 -> 
========================================================================
Received Import Request.
  Time since last request: 58.611490 seconds.
  path: Assets/Building.prefab
  artifactKey: Guid(71d908fe97c37934c9b668b1255bfabf) Importer(815301076,1909f56bfc062723c751e8b465ee728b)
Start importing Assets/Building.prefab using Guid(71d908fe97c37934c9b668b1255bfabf) Importer(815301076,1909f56bfc062723c751e8b465ee728b)  -> (artifact id: '0469e52d85b741f976152c10d8a10b12') in 0.050963 seconds
Number of updated asset objects reloaded before import = 0
Number of asset objects unloaded after import = 25
========================================================================
Received Import Request.
  Time since last request: 2.801965 seconds.
  path: Assets/Building.prefab
  artifactKey: Guid(71d908fe97c37934c9b668b1255bfabf) Importer(815301076,1909f56bfc062723c751e8b465ee728b)
Start importing Assets/Building.prefab using Guid(71d908fe97c37934c9b668b1255bfabf) Importer(815301076,1909f56bfc062723c751e8b465ee728b)  -> (artifact id: 'cfef8a64b5cf1e4344d33e281e3625f0') in 0.005431 seconds
Number of updated asset objects reloaded before import = 0
Number of asset objects unloaded after import = 25
========================================================================
Received Import Request.
  Time since last request: 7.846178 seconds.
  path: Assets/Building.prefab
  artifactKey: Guid(71d908fe97c37934c9b668b1255bfabf) Importer(815301076,1909f56bfc062723c751e8b465ee728b)
Start importing Assets/Building.prefab using Guid(71d908fe97c37934c9b668b1255bfabf) Importer(815301076,1909f56bfc062723c751e8b465ee728b)  -> (artifact id: '7033914bb25eebffcac80052e58b54fa') in 0.013073 seconds
Number of updated asset objects reloaded before import = 0
Number of asset objects unloaded after import = 25
========================================================================
Received Import Request.
  Time since last request: 5.224107 seconds.
  path: Assets/Building.prefab
  artifactKey: Guid(71d908fe97c37934c9b668b1255bfabf) Importer(815301076,1909f56bfc062723c751e8b465ee728b)
Start importing Assets/Building.prefab using Guid(71d908fe97c37934c9b668b1255bfabf) Importer(815301076,1909f56bfc062723c751e8b465ee728b)  -> (artifact id: '441056831dc052e47a8ddd6ab3ad36d6') in 0.022078 seconds
Number of updated asset objects reloaded before import = 0
Number of asset objects unloaded after import = 25
========================================================================
Received Prepare
Begin MonoManager ReloadAssembly
Symbol file LoadedFromMemory doesn't match image C:\Users\jamiealexander.lobba\Desktop\proj\ProjectesIII_RTS\RTS\Library\PackageCache\com.unity.visualscripting@1.8.0\Editor\VisualScripting.Core\Dependencies\YamlDotNet\Unity.VisualScripting.YamlDotNet.dll
Symbol file LoadedFromMemory doesn't match image C:\Users\jamiealexander.lobba\Desktop\proj\ProjectesIII_RTS\RTS\Library\PackageCache\com.unity.visualscripting@1.8.0\Editor\VisualScripting.Core\Dependencies\DotNetZip\Unity.VisualScripting.IonicZip.dll
- Loaded All Assemblies, in  0.445 seconds
Refreshing native plugins compatible for Editor in 2.52 ms, found 3 plugins.
Native extension for UWP target not found
Native extension for WindowsStandalone target not found
Native extension for Android target not found
Mono: successfully reloaded assembly
- Finished resetting the current domain, in  0.573 seconds
Domain Reload Profiling: 1016ms
	BeginReloadAssembly (96ms)
		ExecutionOrderSort (0ms)
		DisableScriptedObjects (3ms)
		BackupInstance (0ms)
		ReleaseScriptingObjects (0ms)
		CreateAndSetChildDomain (27ms)
	RebuildCommonClasses (23ms)
	RebuildNativeTypeToScriptingClass (7ms)
	initialDomainReloadingComplete (19ms)
	LoadAllAssembliesAndSetupDomain (298ms)
		LoadAssemblies (174ms)
		RebuildTransferFunctionScriptingTraits (0ms)
		AnalyzeDomain (164ms)
			TypeCache.Refresh (158ms)
				TypeCache.ScanAssembly (149ms)
			ScanForSourceGeneratedMonoScriptInfo (0ms)
			ResolveRequiredComponents (6ms)
	FinalizeReload (573ms)
		ReleaseScriptCaches (0ms)
		RebuildScriptCaches (0ms)
		SetupLoadedEditorAssemblies (255ms)
			LogAssemblyErrors (0ms)
			InitializePlatformSupportModulesInManaged (14ms)
			SetLoadedEditorAssemblies (2ms)
			RefreshPlugins (0ms)
			BeforeProcessingInitializeOnLoad (41ms)
			ProcessInitializeOnLoadAttributes (149ms)
			ProcessInitializeOnLoadMethodAttributes (45ms)
			AfterProcessingInitializeOnLoad (4ms)
			EditorAssembliesLoaded (0ms)
		ExecutionOrderSort2 (0ms)
		AwakeInstancesAfterBackupRestoration (4ms)
Refreshing native plugins compatible for Editor in 2.88 ms, found 3 plugins.
Preloading 0 native plugins for Editor in 0.00 ms.
Unloading 4852 Unused Serialized files (Serialized files now loaded: 0)
Unloading 46 unused Assets / (0.7 MB). Loaded Objects now: 5486.
Memory consumption went from 186.1 MB to 185.4 MB.
Total: 5.394800 ms (FindLiveObjects: 1.085900 ms CreateObjectMapping: 0.238300 ms MarkObjects: 3.713500 ms  DeleteObjects: 0.355800 ms)

Prepare: number of updated asset objects reloaded= 0
AssetImportParameters requested are different than current active one (requested -> active):
  custom:container-demuxer-ogg: 62fdf1f143b41e24485cea50d1cbac27 -> 
  custom:video-codec-MediaFoundation-h265: 746d11721c4dcdbdad8f713fa42b33f4 -> 
  custom:video-decoder-ogg-theora: a1e56fd34408186e4bbccfd4996cb3dc -> 
  custom:framework-win-MediaFoundation: 216162199b28c13a410421893ffa2e32 -> 
  custom:container-demuxer-webm: 4f35f7cbe854078d1ac9338744f61a02 -> 
  custom:container-muxer-webm: aa71ff27fc2769a1b78a27578f13a17b -> 
  custom:video-decoder-webm-vp8: 9c59270c3fd7afecdb556c50c9e8de78 -> 
  custom:AudioImporter_EditorPlatform: d09bf68614088b80899f8185d706f6e7 -> 
  custom:video-encoder-webm-vp8: eb34c28f22e8b96e1ab97ce403110664 -> 
  custom:audio-decoder-ogg-vorbis: bf7c407c2cedff20999df2af8eb42d56 -> 
  custom:audio-encoder-webm-vorbis: bf7c407c2cedff20999df2af8eb42d56 -> 
========================================================================
Received Prepare
Begin MonoManager ReloadAssembly
Symbol file LoadedFromMemory doesn't match image C:\Users\jamiealexander.lobba\Desktop\proj\ProjectesIII_RTS\RTS\Library\PackageCache\com.unity.visualscripting@1.8.0\Editor\VisualScripting.Core\Dependencies\YamlDotNet\Unity.VisualScripting.YamlDotNet.dll
Symbol file LoadedFromMemory doesn't match image C:\Users\jamiealexander.lobba\Desktop\proj\ProjectesIII_RTS\RTS\Library\PackageCache\com.unity.visualscripting@1.8.0\Editor\VisualScripting.Core\Dependencies\DotNetZip\Unity.VisualScripting.IonicZip.dll
- Loaded All Assemblies, in  0.441 seconds
Refreshing native plugins compatible for Editor in 2.39 ms, found 3 plugins.
Native extension for UWP target not found
Native extension for WindowsStandalone target not found
Native extension for Android target not found
Mono: successfully reloaded assembly
- Finished resetting the current domain, in  0.590 seconds
Domain Reload Profiling: 1029ms
	BeginReloadAssembly (93ms)
		ExecutionOrderSort (0ms)
		DisableScriptedObjects (3ms)
		BackupInstance (0ms)
		ReleaseScriptingObjects (0ms)
		CreateAndSetChildDomain (24ms)
	RebuildCommonClasses (20ms)
	RebuildNativeTypeToScriptingClass (7ms)
	initialDomainReloadingComplete (19ms)
	LoadAllAssembliesAndSetupDomain (300ms)
		LoadAssemblies (174ms)
		RebuildTransferFunctionScriptingTraits (0ms)
		AnalyzeDomain (165ms)
			TypeCache.Refresh (158ms)
				TypeCache.ScanAssembly (151ms)
			ScanForSourceGeneratedMonoScriptInfo (0ms)
			ResolveRequiredComponents (6ms)
	FinalizeReload (591ms)
		ReleaseScriptCaches (0ms)
		RebuildScriptCaches (0ms)
		SetupLoadedEditorAssemblies (263ms)
			LogAssemblyErrors (0ms)
			InitializePlatformSupportModulesInManaged (17ms)
			SetLoadedEditorAssemblies (2ms)
			RefreshPlugins (0ms)
			BeforeProcessingInitializeOnLoad (43ms)
			ProcessInitializeOnLoadAttributes (148ms)
			ProcessInitializeOnLoadMethodAttributes (48ms)
			AfterProcessingInitializeOnLoad (4ms)
			EditorAssembliesLoaded (0ms)
		ExecutionOrderSort2 (0ms)
		AwakeInstancesAfterBackupRestoration (7ms)
Refreshing native plugins compatible for Editor in 4.02 ms, found 3 plugins.
Preloading 0 native plugins for Editor in 0.00 ms.
Unloading 4852 Unused Serialized files (Serialized files now loaded: 0)
Unloading 44 unused Assets / (0.7 MB). Loaded Objects now: 5489.
Memory consumption went from 186.1 MB to 185.4 MB.
Total: 5.875600 ms (FindLiveObjects: 0.640900 ms CreateObjectMapping: 0.605200 ms MarkObjects: 4.315800 ms  DeleteObjects: 0.312700 ms)

Prepare: number of updated asset objects reloaded= 0
AssetImportParameters requested are different than current active one (requested -> active):
  custom:container-demuxer-ogg: 62fdf1f143b41e24485cea50d1cbac27 -> 
  custom:video-codec-MediaFoundation-h265: 746d11721c4dcdbdad8f713fa42b33f4 -> 
  custom:video-decoder-ogg-theora: a1e56fd34408186e4bbccfd4996cb3dc -> 
  custom:framework-win-MediaFoundation: 216162199b28c13a410421893ffa2e32 -> 
  custom:container-demuxer-webm: 4f35f7cbe854078d1ac9338744f61a02 -> 
  custom:container-muxer-webm: aa71ff27fc2769a1b78a27578f13a17b -> 
  custom:video-decoder-webm-vp8: 9c59270c3fd7afecdb556c50c9e8de78 -> 
  custom:AudioImporter_EditorPlatform: d09bf68614088b80899f8185d706f6e7 -> 
  custom:video-encoder-webm-vp8: eb34c28f22e8b96e1ab97ce403110664 -> 
  custom:audio-decoder-ogg-vorbis: bf7c407c2cedff20999df2af8eb42d56 -> 
  custom:audio-encoder-webm-vorbis: bf7c407c2cedff20999df2af8eb42d56 -> 
========================================================================
Received Prepare
Begin MonoManager ReloadAssembly
Symbol file LoadedFromMemory doesn't match image C:\Users\jamiealexander.lobba\Desktop\proj\ProjectesIII_RTS\RTS\Library\PackageCache\com.unity.visualscripting@1.8.0\Editor\VisualScripting.Core\Dependencies\YamlDotNet\Unity.VisualScripting.YamlDotNet.dll
Symbol file LoadedFromMemory doesn't match image C:\Users\jamiealexander.lobba\Desktop\proj\ProjectesIII_RTS\RTS\Library\PackageCache\com.unity.visualscripting@1.8.0\Editor\VisualScripting.Core\Dependencies\DotNetZip\Unity.VisualScripting.IonicZip.dll
- Loaded All Assemblies, in  0.870 seconds
Refreshing native plugins compatible for Editor in 4.60 ms, found 3 plugins.
Native extension for UWP target not found
Native extension for WindowsStandalone target not found
Native extension for Android target not found
Mono: successfully reloaded assembly
- Finished resetting the current domain, in  1.009 seconds
Domain Reload Profiling: 1876ms
	BeginReloadAssembly (154ms)
		ExecutionOrderSort (0ms)
		DisableScriptedObjects (6ms)
		BackupInstance (0ms)
		ReleaseScriptingObjects (0ms)
		CreateAndSetChildDomain (35ms)
	RebuildCommonClasses (33ms)
	RebuildNativeTypeToScriptingClass (12ms)
	initialDomainReloadingComplete (33ms)
	LoadAllAssembliesAndSetupDomain (633ms)
		LoadAssemblies (393ms)
		RebuildTransferFunctionScriptingTraits (0ms)
		AnalyzeDomain (306ms)
			TypeCache.Refresh (289ms)
				TypeCache.ScanAssembly (278ms)
			ScanForSourceGeneratedMonoScriptInfo (5ms)
			ResolveRequiredComponents (11ms)
	FinalizeReload (1010ms)
		ReleaseScriptCaches (0ms)
		RebuildScriptCaches (0ms)
		SetupLoadedEditorAssemblies (424ms)
			LogAssemblyErrors (0ms)
			InitializePlatformSupportModulesInManaged (26ms)
			SetLoadedEditorAssemblies (4ms)
			RefreshPlugins (0ms)
			BeforeProcessingInitializeOnLoad (72ms)
			ProcessInitializeOnLoadAttributes (245ms)
			ProcessInitializeOnLoadMethodAttributes (71ms)
			AfterProcessingInitializeOnLoad (6ms)
			EditorAssembliesLoaded (0ms)
		ExecutionOrderSort2 (0ms)
		AwakeInstancesAfterBackupRestoration (4ms)
Refreshing native plugins compatible for Editor in 2.08 ms, found 3 plugins.
Preloading 0 native plugins for Editor in 0.00 ms.
Unloading 4852 Unused Serialized files (Serialized files now loaded: 0)
Unloading 44 unused Assets / (0.7 MB). Loaded Objects now: 5492.
Memory consumption went from 186.1 MB to 185.4 MB.
Total: 3.589200 ms (FindLiveObjects: 0.751900 ms CreateObjectMapping: 0.121300 ms MarkObjects: 2.382000 ms  DeleteObjects: 0.332900 ms)

Prepare: number of updated asset objects reloaded= 0
AssetImportParameters requested are different than current active one (requested -> active):
  custom:container-demuxer-ogg: 62fdf1f143b41e24485cea50d1cbac27 -> 
  custom:video-codec-MediaFoundation-h265: 746d11721c4dcdbdad8f713fa42b33f4 -> 
  custom:video-decoder-ogg-theora: a1e56fd34408186e4bbccfd4996cb3dc -> 
  custom:framework-win-MediaFoundation: 216162199b28c13a410421893ffa2e32 -> 
  custom:container-demuxer-webm: 4f35f7cbe854078d1ac9338744f61a02 -> 
  custom:container-muxer-webm: aa71ff27fc2769a1b78a27578f13a17b -> 
  custom:video-decoder-webm-vp8: 9c59270c3fd7afecdb556c50c9e8de78 -> 
  custom:AudioImporter_EditorPlatform: d09bf68614088b80899f8185d706f6e7 -> 
  custom:video-encoder-webm-vp8: eb34c28f22e8b96e1ab97ce403110664 -> 
  custom:audio-decoder-ogg-vorbis: bf7c407c2cedff20999df2af8eb42d56 -> 
  custom:audio-encoder-webm-vorbis: bf7c407c2cedff20999df2af8eb42d56 -> 
========================================================================
Received Prepare
Begin MonoManager ReloadAssembly
Symbol file LoadedFromMemory doesn't match image C:\Users\jamiealexander.lobba\Desktop\proj\ProjectesIII_RTS\RTS\Library\PackageCache\com.unity.visualscripting@1.8.0\Editor\VisualScripting.Core\Dependencies\YamlDotNet\Unity.VisualScripting.YamlDotNet.dll
Symbol file LoadedFromMemory doesn't match image C:\Users\jamiealexander.lobba\Desktop\proj\ProjectesIII_RTS\RTS\Library\PackageCache\com.unity.visualscripting@1.8.0\Editor\VisualScripting.Core\Dependencies\DotNetZip\Unity.VisualScripting.IonicZip.dll
- Loaded All Assemblies, in  0.453 seconds
Refreshing native plugins compatible for Editor in 2.14 ms, found 3 plugins.
Native extension for UWP target not found
Native extension for WindowsStandalone target not found
Native extension for Android target not found
Mono: successfully reloaded assembly
- Finished resetting the current domain, in  0.588 seconds
Domain Reload Profiling: 1040ms
	BeginReloadAssembly (100ms)
		ExecutionOrderSort (0ms)
		DisableScriptedObjects (4ms)
		BackupInstance (0ms)
		ReleaseScriptingObjects (0ms)
		CreateAndSetChildDomain (26ms)
	RebuildCommonClasses (19ms)
	RebuildNativeTypeToScriptingClass (7ms)
	initialDomainReloadingComplete (19ms)
	LoadAllAssembliesAndSetupDomain (307ms)
		LoadAssemblies (185ms)
		RebuildTransferFunctionScriptingTraits (0ms)
		AnalyzeDomain (164ms)
			TypeCache.Refresh (158ms)
				TypeCache.ScanAssembly (150ms)
			ScanForSourceGeneratedMonoScriptInfo (0ms)
			ResolveRequiredComponents (6ms)
	FinalizeReload (589ms)
		ReleaseScriptCaches (0ms)
		RebuildScriptCaches (0ms)
		SetupLoadedEditorAssemblies (261ms)
			LogAssemblyErrors (0ms)
			InitializePlatformSupportModulesInManaged (15ms)
			SetLoadedEditorAssemblies (2ms)
			RefreshPlugins (0ms)
			BeforeProcessingInitializeOnLoad (43ms)
			ProcessInitializeOnLoadAttributes (151ms)
			ProcessInitializeOnLoadMethodAttributes (46ms)
			AfterProcessingInitializeOnLoad (3ms)
			EditorAssembliesLoaded (0ms)
		ExecutionOrderSort2 (0ms)
		AwakeInstancesAfterBackupRestoration (4ms)
Refreshing native plugins compatible for Editor in 2.29 ms, found 3 plugins.
Preloading 0 native plugins for Editor in 0.00 ms.
Unloading 4852 Unused Serialized files (Serialized files now loaded: 0)
Unloading 44 unused Assets / (0.7 MB). Loaded Objects now: 5495.
Memory consumption went from 186.1 MB to 185.4 MB.
Total: 5.464400 ms (FindLiveObjects: 1.203700 ms CreateObjectMapping: 0.304900 ms MarkObjects: 3.584500 ms  DeleteObjects: 0.369300 ms)

Prepare: number of updated asset objects reloaded= 0
AssetImportParameters requested are different than current active one (requested -> active):
  custom:container-demuxer-ogg: 62fdf1f143b41e24485cea50d1cbac27 -> 
  custom:video-codec-MediaFoundation-h265: 746d11721c4dcdbdad8f713fa42b33f4 -> 
  custom:video-decoder-ogg-theora: a1e56fd34408186e4bbccfd4996cb3dc -> 
  custom:framework-win-MediaFoundation: 216162199b28c13a410421893ffa2e32 -> 
  custom:container-demuxer-webm: 4f35f7cbe854078d1ac9338744f61a02 -> 
  custom:container-muxer-webm: aa71ff27fc2769a1b78a27578f13a17b -> 
  custom:video-decoder-webm-vp8: 9c59270c3fd7afecdb556c50c9e8de78 -> 
  custom:AudioImporter_EditorPlatform: d09bf68614088b80899f8185d706f6e7 -> 
  custom:video-encoder-webm-vp8: eb34c28f22e8b96e1ab97ce403110664 -> 
  custom:audio-decoder-ogg-vorbis: bf7c407c2cedff20999df2af8eb42d56 -> 
  custom:audio-encoder-webm-vorbis: bf7c407c2cedff20999df2af8eb42d56 -> 
========================================================================
Received Prepare
Begin MonoManager ReloadAssembly
Symbol file LoadedFromMemory doesn't match image C:\Users\jamiealexander.lobba\Desktop\proj\ProjectesIII_RTS\RTS\Library\PackageCache\com.unity.visualscripting@1.8.0\Editor\VisualScripting.Core\Dependencies\YamlDotNet\Unity.VisualScripting.YamlDotNet.dll
Symbol file LoadedFromMemory doesn't match image C:\Users\jamiealexander.lobba\Desktop\proj\ProjectesIII_RTS\RTS\Library\PackageCache\com.unity.visualscripting@1.8.0\Editor\VisualScripting.Core\Dependencies\DotNetZip\Unity.VisualScripting.IonicZip.dll
- Loaded All Assemblies, in  3.755 seconds
Refreshing native plugins compatible for Editor in 2.11 ms, found 3 plugins.
Native extension for UWP target not found
Native extension for WindowsStandalone target not found
Native extension for Android target not found
Mono: successfully reloaded assembly
- Finished resetting the current domain, in  9.761 seconds
Domain Reload Profiling: 13515ms
	BeginReloadAssembly (118ms)
		ExecutionOrderSort (0ms)
		DisableScriptedObjects (3ms)
		BackupInstance (0ms)
		ReleaseScriptingObjects (0ms)
		CreateAndSetChildDomain (26ms)
	RebuildCommonClasses (108ms)
	RebuildNativeTypeToScriptingClass (7ms)
	initialDomainReloadingComplete (20ms)
	LoadAllAssembliesAndSetupDomain (3500ms)
		LoadAssemblies (3078ms)
		RebuildTransferFunctionScriptingTraits (0ms)
		AnalyzeDomain (485ms)
			TypeCache.Refresh (479ms)
				TypeCache.ScanAssembly (445ms)
			ScanForSourceGeneratedMonoScriptInfo (0ms)
			ResolveRequiredComponents (6ms)
	FinalizeReload (9761ms)
		ReleaseScriptCaches (0ms)
		RebuildScriptCaches (0ms)
		SetupLoadedEditorAssemblies (249ms)
			LogAssemblyErrors (0ms)
			InitializePlatformSupportModulesInManaged (17ms)
			SetLoadedEditorAssemblies (2ms)
			RefreshPlugins (0ms)
			BeforeProcessingInitializeOnLoad (42ms)
			ProcessInitializeOnLoadAttributes (143ms)
			ProcessInitializeOnLoadMethodAttributes (43ms)
			AfterProcessingInitializeOnLoad (3ms)
			EditorAssembliesLoaded (0ms)
		ExecutionOrderSort2 (0ms)
		AwakeInstancesAfterBackupRestoration (4ms)
Refreshing native plugins compatible for Editor in 2.65 ms, found 3 plugins.
Preloading 0 native plugins for Editor in 0.00 ms.
Unloading 4852 Unused Serialized files (Serialized files now loaded: 0)
Unloading 44 unused Assets / (0.7 MB). Loaded Objects now: 5498.
Memory consumption went from 186.1 MB to 185.4 MB.
Total: 4.089300 ms (FindLiveObjects: 0.485900 ms CreateObjectMapping: 0.646600 ms MarkObjects: 2.610500 ms  DeleteObjects: 0.345400 ms)

Prepare: number of updated asset objects reloaded= 0
AssetImportParameters requested are different than current active one (requested -> active):
  custom:container-demuxer-ogg: 62fdf1f143b41e24485cea50d1cbac27 -> 
  custom:video-codec-MediaFoundation-h265: 746d11721c4dcdbdad8f713fa42b33f4 -> 
  custom:video-decoder-ogg-theora: a1e56fd34408186e4bbccfd4996cb3dc -> 
  custom:framework-win-MediaFoundation: 216162199b28c13a410421893ffa2e32 -> 
  custom:container-demuxer-webm: 4f35f7cbe854078d1ac9338744f61a02 -> 
  custom:container-muxer-webm: aa71ff27fc2769a1b78a27578f13a17b -> 
  custom:video-decoder-webm-vp8: 9c59270c3fd7afecdb556c50c9e8de78 -> 
  custom:AudioImporter_EditorPlatform: d09bf68614088b80899f8185d706f6e7 -> 
  custom:video-encoder-webm-vp8: eb34c28f22e8b96e1ab97ce403110664 -> 
  custom:audio-decoder-ogg-vorbis: bf7c407c2cedff20999df2af8eb42d56 -> 
  custom:audio-encoder-webm-vorbis: bf7c407c2cedff20999df2af8eb42d56 -> 
========================================================================
Received Prepare
Begin MonoManager ReloadAssembly
Symbol file LoadedFromMemory doesn't match image C:\Users\jamiealexander.lobba\Desktop\proj\ProjectesIII_RTS\RTS\Library\PackageCache\com.unity.visualscripting@1.8.0\Editor\VisualScripting.Core\Dependencies\YamlDotNet\Unity.VisualScripting.YamlDotNet.dll
Symbol file LoadedFromMemory doesn't match image C:\Users\jamiealexander.lobba\Desktop\proj\ProjectesIII_RTS\RTS\Library\PackageCache\com.unity.visualscripting@1.8.0\Editor\VisualScripting.Core\Dependencies\DotNetZip\Unity.VisualScripting.IonicZip.dll
- Loaded All Assemblies, in  0.656 seconds
Refreshing native plugins compatible for Editor in 2.81 ms, found 3 plugins.
Native extension for UWP target not found
Native extension for WindowsStandalone target not found
Native extension for Android target not found
Mono: successfully reloaded assembly
- Finished resetting the current domain, in  0.733 seconds
Domain Reload Profiling: 1387ms
	BeginReloadAssembly (124ms)
		ExecutionOrderSort (0ms)
		DisableScriptedObjects (5ms)
		BackupInstance (0ms)
		ReleaseScriptingObjects (0ms)
		CreateAndSetChildDomain (32ms)
	RebuildCommonClasses (33ms)
	RebuildNativeTypeToScriptingClass (10ms)
	initialDomainReloadingComplete (35ms)
	LoadAllAssembliesAndSetupDomain (452ms)
		LoadAssemblies (280ms)
		RebuildTransferFunctionScriptingTraits (0ms)
		AnalyzeDomain (226ms)
			TypeCache.Refresh (220ms)
				TypeCache.ScanAssembly (210ms)
			ScanForSourceGeneratedMonoScriptInfo (0ms)
			ResolveRequiredComponents (7ms)
	FinalizeReload (733ms)
		ReleaseScriptCaches (0ms)
		RebuildScriptCaches (0ms)
		SetupLoadedEditorAssemblies (315ms)
			LogAssemblyErrors (0ms)
			InitializePlatformSupportModulesInManaged (20ms)
			SetLoadedEditorAssemblies (3ms)
			RefreshPlugins (0ms)
			BeforeProcessingInitializeOnLoad (43ms)
			ProcessInitializeOnLoadAttributes (191ms)
			ProcessInitializeOnLoadMethodAttributes (54ms)
			AfterProcessingInitializeOnLoad (3ms)
			EditorAssembliesLoaded (0ms)
		ExecutionOrderSort2 (0ms)
		AwakeInstancesAfterBackupRestoration (6ms)
Refreshing native plugins compatible for Editor in 3.80 ms, found 3 plugins.
Preloading 0 native plugins for Editor in 0.00 ms.
Unloading 4852 Unused Serialized files (Serialized files now loaded: 0)
Unloading 44 unused Assets / (0.7 MB). Loaded Objects now: 5501.
Memory consumption went from 186.1 MB to 185.4 MB.
Total: 2.601400 ms (FindLiveObjects: 0.238700 ms CreateObjectMapping: 0.161100 ms MarkObjects: 1.954700 ms  DeleteObjects: 0.246200 ms)

Prepare: number of updated asset objects reloaded= 0
AssetImportParameters requested are different than current active one (requested -> active):
  custom:container-demuxer-ogg: 62fdf1f143b41e24485cea50d1cbac27 -> 
  custom:video-codec-MediaFoundation-h265: 746d11721c4dcdbdad8f713fa42b33f4 -> 
  custom:video-decoder-ogg-theora: a1e56fd34408186e4bbccfd4996cb3dc -> 
  custom:framework-win-MediaFoundation: 216162199b28c13a410421893ffa2e32 -> 
  custom:container-demuxer-webm: 4f35f7cbe854078d1ac9338744f61a02 -> 
  custom:container-muxer-webm: aa71ff27fc2769a1b78a27578f13a17b -> 
  custom:video-decoder-webm-vp8: 9c59270c3fd7afecdb556c50c9e8de78 -> 
  custom:AudioImporter_EditorPlatform: d09bf68614088b80899f8185d706f6e7 -> 
  custom:video-encoder-webm-vp8: eb34c28f22e8b96e1ab97ce403110664 -> 
  custom:audio-decoder-ogg-vorbis: bf7c407c2cedff20999df2af8eb42d56 -> 
  custom:audio-encoder-webm-vorbis: bf7c407c2cedff20999df2af8eb42d56 -> 
========================================================================
Received Prepare
Begin MonoManager ReloadAssembly
Symbol file LoadedFromMemory doesn't match image C:\Users\jamiealexander.lobba\Desktop\proj\ProjectesIII_RTS\RTS\Library\PackageCache\com.unity.visualscripting@1.8.0\Editor\VisualScripting.Core\Dependencies\YamlDotNet\Unity.VisualScripting.YamlDotNet.dll
Symbol file LoadedFromMemory doesn't match image C:\Users\jamiealexander.lobba\Desktop\proj\ProjectesIII_RTS\RTS\Library\PackageCache\com.unity.visualscripting@1.8.0\Editor\VisualScripting.Core\Dependencies\DotNetZip\Unity.VisualScripting.IonicZip.dll
- Loaded All Assemblies, in  0.526 seconds
Refreshing native plugins compatible for Editor in 2.04 ms, found 3 plugins.
Native extension for UWP target not found
Native extension for WindowsStandalone target not found
Native extension for Android target not found
Mono: successfully reloaded assembly
- Finished resetting the current domain, in  0.611 seconds
Domain Reload Profiling: 1136ms
	BeginReloadAssembly (108ms)
		ExecutionOrderSort (0ms)
		DisableScriptedObjects (3ms)
		BackupInstance (0ms)
		ReleaseScriptingObjects (0ms)
		CreateAndSetChildDomain (30ms)
	RebuildCommonClasses (21ms)
	RebuildNativeTypeToScriptingClass (7ms)
	initialDomainReloadingComplete (20ms)
	LoadAllAssembliesAndSetupDomain (368ms)
		LoadAssemblies (227ms)
		RebuildTransferFunctionScriptingTraits (0ms)
		AnalyzeDomain (184ms)
			TypeCache.Refresh (177ms)
				TypeCache.ScanAssembly (164ms)
			ScanForSourceGeneratedMonoScriptInfo (0ms)
			ResolveRequiredComponents (6ms)
	FinalizeReload (612ms)
		ReleaseScriptCaches (0ms)
		RebuildScriptCaches (0ms)
		SetupLoadedEditorAssemblies (273ms)
			LogAssemblyErrors (0ms)
			InitializePlatformSupportModulesInManaged (14ms)
			SetLoadedEditorAssemblies (2ms)
			RefreshPlugins (0ms)
			BeforeProcessingInitializeOnLoad (40ms)
			ProcessInitializeOnLoadAttributes (164ms)
			ProcessInitializeOnLoadMethodAttributes (50ms)
			AfterProcessingInitializeOnLoad (3ms)
			EditorAssembliesLoaded (0ms)
		ExecutionOrderSort2 (0ms)
		AwakeInstancesAfterBackupRestoration (4ms)
Refreshing native plugins compatible for Editor in 4.54 ms, found 3 plugins.
Preloading 0 native plugins for Editor in 0.00 ms.
Unloading 4852 Unused Serialized files (Serialized files now loaded: 0)
Unloading 44 unused Assets / (0.7 MB). Loaded Objects now: 5504.
Memory consumption went from 186.1 MB to 185.5 MB.
Total: 5.097000 ms (FindLiveObjects: 0.535700 ms CreateObjectMapping: 0.315400 ms MarkObjects: 3.505500 ms  DeleteObjects: 0.739300 ms)

Prepare: number of updated asset objects reloaded= 0
AssetImportParameters requested are different than current active one (requested -> active):
  custom:container-demuxer-ogg: 62fdf1f143b41e24485cea50d1cbac27 -> 
  custom:video-codec-MediaFoundation-h265: 746d11721c4dcdbdad8f713fa42b33f4 -> 
  custom:video-decoder-ogg-theora: a1e56fd34408186e4bbccfd4996cb3dc -> 
  custom:framework-win-MediaFoundation: 216162199b28c13a410421893ffa2e32 -> 
  custom:container-demuxer-webm: 4f35f7cbe854078d1ac9338744f61a02 -> 
  custom:container-muxer-webm: aa71ff27fc2769a1b78a27578f13a17b -> 
  custom:video-decoder-webm-vp8: 9c59270c3fd7afecdb556c50c9e8de78 -> 
  custom:AudioImporter_EditorPlatform: d09bf68614088b80899f8185d706f6e7 -> 
  custom:video-encoder-webm-vp8: eb34c28f22e8b96e1ab97ce403110664 -> 
  custom:audio-decoder-ogg-vorbis: bf7c407c2cedff20999df2af8eb42d56 -> 
  custom:audio-encoder-webm-vorbis: bf7c407c2cedff20999df2af8eb42d56 -> 
Editor requested this worker to shutdown with reason: Scaling down because of idle timeout
TcpMessagingSession - receive error: operation aborted. errorcode: 995, details: The I/O operation has been aborted because of either a thread exit or an application request.
AssetImportWorker is now disconnected from the server
Process exiting
Exiting without the bug reporter. Application will terminate with return code 0