Using pre-set license
Built from '2022.3/staging' branch; Version is '2022.3.3f1 (7cdc2969a641) revision 8182825'; Using compiler version '192829333'; Build Type 'Release'
OS: 'Windows 11  (10.0.22621) 64bit Enterprise' Language: 'en' Physical Memory: 32604 MB
BatchMode: 1, IsHumanControllingUs: 0, StartBugReporterOnCrash: 0, Is64bit: 1, IsPro: 1

COMMAND LINE ARGUMENTS:
C:\Program Files\Unity\Hub\Editor\2022.3.3f1\Editor\Unity.exe
-adb2
-batchMode
-noUpm
-name
AssetImportWorker5
-projectPath
C:/Users/jamiealexander.lobba/Desktop/proj/ProjectesIII_RTS/RTS
-logFile
Logs/AssetImportWorker5.log
-srvPort
49946
Successfully changed project path to: C:/Users/jamiealexander.lobba/Desktop/proj/ProjectesIII_RTS/RTS
C:/Users/jamiealexander.lobba/Desktop/proj/ProjectesIII_RTS/RTS
[UnityMemory] Configuration Parameters - Can be set up in boot.config
    "memorysetup-bucket-allocator-granularity=16"
    "memorysetup-bucket-allocator-bucket-count=8"
    "memorysetup-bucket-allocator-block-size=33554432"
    "memorysetup-bucket-allocator-block-count=8"
    "memorysetup-main-allocator-block-size=16777216"
    "memorysetup-thread-allocator-block-size=16777216"
    "memorysetup-gfx-main-allocator-block-size=16777216"
    "memorysetup-gfx-thread-allocator-block-size=16777216"
    "memorysetup-cache-allocator-block-size=4194304"
    "memorysetup-typetree-allocator-block-size=2097152"
    "memorysetup-profiler-bucket-allocator-granularity=16"
    "memorysetup-profiler-bucket-allocator-bucket-count=8"
    "memorysetup-profiler-bucket-allocator-block-size=33554432"
    "memorysetup-profiler-bucket-allocator-block-count=8"
    "memorysetup-profiler-allocator-block-size=16777216"
    "memorysetup-profiler-editor-allocator-block-size=1048576"
    "memorysetup-temp-allocator-size-main=16777216"
    "memorysetup-job-temp-allocator-block-size=2097152"
    "memorysetup-job-temp-allocator-block-size-background=1048576"
    "memorysetup-job-temp-allocator-reduction-small-platforms=262144"
    "memorysetup-allocator-temp-initial-block-size-main=262144"
    "memorysetup-allocator-temp-initial-block-size-worker=262144"
    "memorysetup-temp-allocator-size-background-worker=32768"
    "memorysetup-temp-allocator-size-job-worker=262144"
    "memorysetup-temp-allocator-size-preload-manager=33554432"
    "memorysetup-temp-allocator-size-nav-mesh-worker=65536"
    "memorysetup-temp-allocator-size-audio-worker=65536"
    "memorysetup-temp-allocator-size-cloud-worker=32768"
    "memorysetup-temp-allocator-size-gi-baking-worker=262144"
    "memorysetup-temp-allocator-size-gfx=262144"
Player connection [20248] Host "[IP] 10.40.1.230 [Port] 0 [Flags] 2 [Guid] 1345892356 [EditorId] 1345892356 [Version] 1048832 [Id] WindowsEditor(7,PB-02-21B) [Debug] 1 [PackageName] WindowsEditor [ProjectName] Editor" joined multi-casting on [225.0.0.222:54997]...

Player connection [20248] Host "[IP] 10.40.1.230 [Port] 0 [Flags] 2 [Guid] 1345892356 [EditorId] 1345892356 [Version] 1048832 [Id] WindowsEditor(7,PB-02-21B) [Debug] 1 [PackageName] WindowsEditor [ProjectName] Editor" joined alternative multi-casting on [225.0.0.222:34997]...

Refreshing native plugins compatible for Editor in 6.36 ms, found 3 plugins.
Preloading 0 native plugins for Editor in 0.00 ms.
Initialize engine version: 2022.3.3f1 (7cdc2969a641)
[Subsystems] Discovering subsystems at path C:/Program Files/Unity/Hub/Editor/2022.3.3f1/Editor/Data/Resources/UnitySubsystems
[Subsystems] Discovering subsystems at path C:/Users/jamiealexander.lobba/Desktop/proj/ProjectesIII_RTS/RTS/Assets
GfxDevice: creating device client; threaded=0; jobified=0
Direct3D:
    Version:  Direct3D 11.0 [level 11.1]
    Renderer: NVIDIA GeForce RTX 2060 (ID=0x1f08)
    Vendor:   NVIDIA
    VRAM:     5980 MB
    Driver:   27.21.14.5751
Initialize mono
Mono path[0] = 'C:/Program Files/Unity/Hub/Editor/2022.3.3f1/Editor/Data/Managed'
Mono path[1] = 'C:/Program Files/Unity/Hub/Editor/2022.3.3f1/Editor/Data/MonoBleedingEdge/lib/mono/unityjit-win32'
Mono config path = 'C:/Program Files/Unity/Hub/Editor/2022.3.3f1/Editor/Data/MonoBleedingEdge/etc'
Using monoOptions --debugger-agent=transport=dt_socket,embedding=1,server=y,suspend=n,address=127.0.0.1:56588
Begin MonoManager ReloadAssembly
Registering precompiled unity dll's ...
Register platform support module: C:/Program Files/Unity/Hub/Editor/2022.3.3f1/Editor/Data/PlaybackEngines/AndroidPlayer/UnityEditor.Android.Extensions.dll
Register platform support module: C:/Program Files/Unity/Hub/Editor/2022.3.3f1/Editor/Data/PlaybackEngines/WindowsStandaloneSupport/UnityEditor.WindowsStandalone.Extensions.dll
Register platform support module: C:/Program Files/Unity/Hub/Editor/2022.3.3f1/Editor/Data/PlaybackEngines/MetroSupport/UnityEditor.UWP.Extensions.dll
Registered in 0.004363 seconds.
- Loaded All Assemblies, in  0.205 seconds
Native extension for UWP target not found
Native extension for WindowsStandalone target not found
Native extension for Android target not found
Android Extension - Scanning For ADB Devices 253 ms
Mono: successfully reloaded assembly
- Finished resetting the current domain, in  0.442 seconds
Domain Reload Profiling: 646ms
	BeginReloadAssembly (55ms)
		ExecutionOrderSort (0ms)
		DisableScriptedObjects (0ms)
		BackupInstance (0ms)
		ReleaseScriptingObjects (0ms)
		CreateAndSetChildDomain (1ms)
	RebuildCommonClasses (20ms)
	RebuildNativeTypeToScriptingClass (6ms)
	initialDomainReloadingComplete (34ms)
	LoadAllAssembliesAndSetupDomain (89ms)
		LoadAssemblies (55ms)
		RebuildTransferFunctionScriptingTraits (0ms)
		AnalyzeDomain (85ms)
			TypeCache.Refresh (84ms)
				TypeCache.ScanAssembly (77ms)
			ScanForSourceGeneratedMonoScriptInfo (0ms)
			ResolveRequiredComponents (0ms)
	FinalizeReload (442ms)
		ReleaseScriptCaches (0ms)
		RebuildScriptCaches (0ms)
		SetupLoadedEditorAssemblies (410ms)
			LogAssemblyErrors (0ms)
			InitializePlatformSupportModulesInManaged (328ms)
			SetLoadedEditorAssemblies (2ms)
			RefreshPlugins (0ms)
			BeforeProcessingInitializeOnLoad (1ms)
			ProcessInitializeOnLoadAttributes (52ms)
			ProcessInitializeOnLoadMethodAttributes (25ms)
			AfterProcessingInitializeOnLoad (0ms)
			EditorAssembliesLoaded (0ms)
		ExecutionOrderSort2 (0ms)
		AwakeInstancesAfterBackupRestoration (0ms)
========================================================================
Worker process is ready to serve import requests
Begin MonoManager ReloadAssembly
Symbol file LoadedFromMemory doesn't match image C:\Users\jamiealexander.lobba\Desktop\proj\ProjectesIII_RTS\RTS\Library\PackageCache\com.unity.visualscripting@1.8.0\Editor\VisualScripting.Core\Dependencies\YamlDotNet\Unity.VisualScripting.YamlDotNet.dll
Symbol file LoadedFromMemory doesn't match image C:\Users\jamiealexander.lobba\Desktop\proj\ProjectesIII_RTS\RTS\Library\PackageCache\com.unity.visualscripting@1.8.0\Editor\VisualScripting.Core\Dependencies\DotNetZip\Unity.VisualScripting.IonicZip.dll
- Loaded All Assemblies, in  0.442 seconds
Refreshing native plugins compatible for Editor in 2.18 ms, found 3 plugins.
Native extension for UWP target not found
Native extension for WindowsStandalone target not found
Native extension for Android target not found
Mono: successfully reloaded assembly
- Finished resetting the current domain, in  0.405 seconds
Domain Reload Profiling: 846ms
	BeginReloadAssembly (73ms)
		ExecutionOrderSort (0ms)
		DisableScriptedObjects (3ms)
		BackupInstance (0ms)
		ReleaseScriptingObjects (0ms)
		CreateAndSetChildDomain (13ms)
	RebuildCommonClasses (19ms)
	RebuildNativeTypeToScriptingClass (6ms)
	initialDomainReloadingComplete (26ms)
	LoadAllAssembliesAndSetupDomain (316ms)
		LoadAssemblies (170ms)
		RebuildTransferFunctionScriptingTraits (0ms)
		AnalyzeDomain (181ms)
			TypeCache.Refresh (162ms)
				TypeCache.ScanAssembly (154ms)
			ScanForSourceGeneratedMonoScriptInfo (13ms)
			ResolveRequiredComponents (6ms)
	FinalizeReload (406ms)
		ReleaseScriptCaches (0ms)
		RebuildScriptCaches (0ms)
		SetupLoadedEditorAssemblies (299ms)
			LogAssemblyErrors (0ms)
			InitializePlatformSupportModulesInManaged (16ms)
			SetLoadedEditorAssemblies (2ms)
			RefreshPlugins (0ms)
			BeforeProcessingInitializeOnLoad (42ms)
			ProcessInitializeOnLoadAttributes (180ms)
			ProcessInitializeOnLoadMethodAttributes (54ms)
			AfterProcessingInitializeOnLoad (4ms)
			EditorAssembliesLoaded (0ms)
		ExecutionOrderSort2 (0ms)
		AwakeInstancesAfterBackupRestoration (5ms)
Launched and connected shader compiler UnityShaderCompiler.exe after 0.03 seconds
Refreshing native plugins compatible for Editor in 3.01 ms, found 3 plugins.
Preloading 0 native plugins for Editor in 0.00 ms.
Unloading 4950 Unused Serialized files (Serialized files now loaded: 0)
Unloading 70 unused Assets / (0.7 MB). Loaded Objects now: 5428.
Memory consumption went from 208.3 MB to 207.6 MB.
Total: 3.053600 ms (FindLiveObjects: 0.240100 ms CreateObjectMapping: 0.137000 ms MarkObjects: 2.355500 ms  DeleteObjects: 0.320300 ms)

AssetImportParameters requested are different than current active one (requested -> active):
  custom:container-demuxer-ogg: 62fdf1f143b41e24485cea50d1cbac27 -> 
  custom:video-codec-MediaFoundation-h265: 746d11721c4dcdbdad8f713fa42b33f4 -> 
  custom:video-decoder-ogg-theora: a1e56fd34408186e4bbccfd4996cb3dc -> 
  custom:framework-win-MediaFoundation: 216162199b28c13a410421893ffa2e32 -> 
  custom:container-demuxer-webm: 4f35f7cbe854078d1ac9338744f61a02 -> 
  custom:container-muxer-webm: aa71ff27fc2769a1b78a27578f13a17b -> 
  custom:video-decoder-webm-vp8: 9c59270c3fd7afecdb556c50c9e8de78 -> 
  custom:AudioImporter_EditorPlatform: d09bf68614088b80899f8185d706f6e7 -> 
  custom:video-encoder-webm-vp8: eb34c28f22e8b96e1ab97ce403110664 -> 
  custom:audio-decoder-ogg-vorbis: bf7c407c2cedff20999df2af8eb42d56 -> 
  custom:audio-encoder-webm-vorbis: bf7c407c2cedff20999df2af8eb42d56 -> 
========================================================================
Received Import Request.
  Time since last request: 1119.036998 seconds.
  path: Assets/Plugins/Demigiant/DOTween/Editor/Imgs/DOTweenMiniIcon.png
  artifactKey: Guid(61521df2e071645488ba3d05e49289ae) Importer(815301076,1909f56bfc062723c751e8b465ee728b)
Start importing Assets/Plugins/Demigiant/DOTween/Editor/Imgs/DOTweenMiniIcon.png using Guid(61521df2e071645488ba3d05e49289ae) Importer(815301076,1909f56bfc062723c751e8b465ee728b)  -> (artifact id: '5d1c1274c799760b08bbaefeadde9b10') in 0.119534 seconds
Number of updated asset objects reloaded before import = 0
Number of asset objects unloaded after import = 2
========================================================================
Received Import Request.
  Time since last request: 0.000018 seconds.
  path: Assets/mapa/Models/tiles/hex/fbx/hex_rock_transitionA.fbx
  artifactKey: Guid(4a27d92d0c4330f4e9200d2fd6a90af2) Importer(815301076,1909f56bfc062723c751e8b465ee728b)
Start importing Assets/mapa/Models/tiles/hex/fbx/hex_rock_transitionA.fbx using Guid(4a27d92d0c4330f4e9200d2fd6a90af2) Importer(815301076,1909f56bfc062723c751e8b465ee728b)  -> (artifact id: 'afc557244aeeb8add235e4d81cc87f4f') in 0.156977 seconds
Number of updated asset objects reloaded before import = 0
Number of asset objects unloaded after import = 10
========================================================================
Received Import Request.
  Time since last request: 0.000034 seconds.
  path: Assets/mapa/Models/tiles/hex/obj/hex_forest_roadB_detail.obj
  artifactKey: Guid(f81a4d8fd9985e147b766d02427c314f) Importer(815301076,1909f56bfc062723c751e8b465ee728b)
Start importing Assets/mapa/Models/tiles/hex/obj/hex_forest_roadB_detail.obj using Guid(f81a4d8fd9985e147b766d02427c314f) Importer(815301076,1909f56bfc062723c751e8b465ee728b)  -> (artifact id: 'feb190a962f1abcfa642d2a6d1cfa862') in 0.096641 seconds
Number of updated asset objects reloaded before import = 0
Number of asset objects unloaded after import = 12
========================================================================
Received Import Request.
  Time since last request: 0.000029 seconds.
  path: Assets/mapa/Models/tiles/hex/obj/hex_forest_roadC.obj
  artifactKey: Guid(392646525ef03c740ac02d642a662b0d) Importer(815301076,1909f56bfc062723c751e8b465ee728b)
Start importing Assets/mapa/Models/tiles/hex/obj/hex_forest_roadC.obj using Guid(392646525ef03c740ac02d642a662b0d) Importer(815301076,1909f56bfc062723c751e8b465ee728b)  -> (artifact id: 'b3dacfaf67eaefc810e1ad282ff6f5d6') in 0.042179 seconds
Number of updated asset objects reloaded before import = 0
Number of asset objects unloaded after import = 11
========================================================================
Received Import Request.
  Time since last request: 0.000035 seconds.
  path: Assets/mapa/Models/tiles/hex/obj/hex_forest_roadH_detail.obj
  artifactKey: Guid(be474e6173241ad4dbfdc9bde01faa8b) Importer(815301076,1909f56bfc062723c751e8b465ee728b)
Start importing Assets/mapa/Models/tiles/hex/obj/hex_forest_roadH_detail.obj using Guid(be474e6173241ad4dbfdc9bde01faa8b) Importer(815301076,1909f56bfc062723c751e8b465ee728b)  -> (artifact id: '4cf39b1d7ab1d1ddf96ea1d60a8b418f') in 0.041826 seconds
Number of updated asset objects reloaded before import = 0
Number of asset objects unloaded after import = 12
========================================================================
Received Import Request.
  Time since last request: 0.000032 seconds.
  path: Assets/mapa/Models/tiles/hex/fbx/hex_forest_roadK_detail.fbx
  artifactKey: Guid(1ac9a0d7387cdab47b610dd84c0b103b) Importer(815301076,1909f56bfc062723c751e8b465ee728b)
Start importing Assets/mapa/Models/tiles/hex/fbx/hex_forest_roadK_detail.fbx using Guid(1ac9a0d7387cdab47b610dd84c0b103b) Importer(815301076,1909f56bfc062723c751e8b465ee728b)  -> (artifact id: '15c259ddf6cf6b0e83ee8b12f25f6b00') in 0.040620 seconds
Number of updated asset objects reloaded before import = 0
Number of asset objects unloaded after import = 10
========================================================================
Received Import Request.
  Time since last request: 0.000028 seconds.
  path: Assets/mapa/Models/tiles/hex/obj/hex_forest_roadK_detail.obj
  artifactKey: Guid(5a6f6726527e0b24495f78b8052a9d4b) Importer(815301076,1909f56bfc062723c751e8b465ee728b)
Start importing Assets/mapa/Models/tiles/hex/obj/hex_forest_roadK_detail.obj using Guid(5a6f6726527e0b24495f78b8052a9d4b) Importer(815301076,1909f56bfc062723c751e8b465ee728b)  -> (artifact id: '70c8723a4f3838f7335a59f6fe9ffc2c') in 0.048543 seconds
Number of updated asset objects reloaded before import = 0
Number of asset objects unloaded after import = 12
========================================================================
Received Import Request.
  Time since last request: 0.000026 seconds.
  path: Assets/mapa/Models/tiles/hex/fbx/hex_forest_waterB.fbx
  artifactKey: Guid(b0abf8ca183ecdf42a86dcfbcae3069f) Importer(815301076,1909f56bfc062723c751e8b465ee728b)
Start importing Assets/mapa/Models/tiles/hex/fbx/hex_forest_waterB.fbx using Guid(b0abf8ca183ecdf42a86dcfbcae3069f) Importer(815301076,1909f56bfc062723c751e8b465ee728b)  -> (artifact id: '1fda36292856462fc8ca4e7b9b51a12e') in 0.034701 seconds
Number of updated asset objects reloaded before import = 0
Number of asset objects unloaded after import = 9
========================================================================
Received Import Request.
  Time since last request: 0.000025 seconds.
  path: Assets/mapa/Models/tiles/hex/obj/hex_forest_transitionA.obj
  artifactKey: Guid(59f908d336a16c948ab3bc3442eec3f6) Importer(815301076,1909f56bfc062723c751e8b465ee728b)
Start importing Assets/mapa/Models/tiles/hex/obj/hex_forest_transitionA.obj using Guid(59f908d336a16c948ab3bc3442eec3f6) Importer(815301076,1909f56bfc062723c751e8b465ee728b)  -> (artifact id: '3a71c20b08de97790cbe645aba0a0779') in 0.064200 seconds
Number of updated asset objects reloaded before import = 0
Number of asset objects unloaded after import = 12
========================================================================
Received Import Request.
  Time since last request: 0.000035 seconds.
  path: Assets/mapa/Models/tiles/hex/obj/hex_forest_roadG.obj
  artifactKey: Guid(c8ad537403bc212438a55e32f3c89a7f) Importer(815301076,1909f56bfc062723c751e8b465ee728b)
Start importing Assets/mapa/Models/tiles/hex/obj/hex_forest_roadG.obj using Guid(c8ad537403bc212438a55e32f3c89a7f) Importer(815301076,1909f56bfc062723c751e8b465ee728b)  -> (artifact id: 'eaa67a9fbd2d69dc9ae0d9a4a56e9b57') in 0.046409 seconds
Number of updated asset objects reloaded before import = 0
Number of asset objects unloaded after import = 11
========================================================================
Received Import Request.
  Time since last request: 0.000030 seconds.
  path: Assets/mapa/Models/tiles/hex/obj/hex_forest_roadL.obj
  artifactKey: Guid(1344a46952d1cb94b817e5c5ce0aea4b) Importer(815301076,1909f56bfc062723c751e8b465ee728b)
Start importing Assets/mapa/Models/tiles/hex/obj/hex_forest_roadL.obj using Guid(1344a46952d1cb94b817e5c5ce0aea4b) Importer(815301076,1909f56bfc062723c751e8b465ee728b)  -> (artifact id: 'de6e0e5f0588de53355529a189a0571d') in 0.041927 seconds
Number of updated asset objects reloaded before import = 0
Number of asset objects unloaded after import = 11
========================================================================
Received Import Request.
  Time since last request: 0.000023 seconds.
  path: Assets/mapa/Models/tiles/hex/obj/hex_forest_roadK.obj
  artifactKey: Guid(ec75e6ec423008d4995a40676ef56174) Importer(815301076,1909f56bfc062723c751e8b465ee728b)
Start importing Assets/mapa/Models/tiles/hex/obj/hex_forest_roadK.obj using Guid(ec75e6ec423008d4995a40676ef56174) Importer(815301076,1909f56bfc062723c751e8b465ee728b)  -> (artifact id: '1495af59d3170a0a6abd01944e75c18a') in 0.035367 seconds
Number of updated asset objects reloaded before import = 0
Number of asset objects unloaded after import = 11
Editor requested this worker to shutdown with reason: Scaling down because of idle timeout
TcpMessagingSession - receive error: operation aborted. errorcode: 995, details: The I/O operation has been aborted because of either a thread exit or an application request.
AssetImportWorker is now disconnected from the server
Process exiting
Exiting without the bug reporter. Application will terminate with return code 0