Using pre-set license
Built from '2022.3/staging' branch; Version is '2022.3.3f1 (7cdc2969a641) revision 8182825'; Using compiler version '192829333'; Build Type 'Release'
OS: 'Windows 11  (10.0.22621) 64bit Enterprise' Language: 'en' Physical Memory: 32604 MB
BatchMode: 1, IsHumanControllingUs: 0, StartBugReporterOnCrash: 0, Is64bit: 1, IsPro: 1

COMMAND LINE ARGUMENTS:
C:\Program Files\Unity\Hub\Editor\2022.3.3f1\Editor\Unity.exe
-adb2
-batchMode
-noUpm
-name
AssetImportWorker0
-projectPath
C:/Users/jamiealexander.lobba/Desktop/PÑroj/ProjectesIII_RTS/RTS
-logFile
Logs/AssetImportWorker0.log
-srvPort
50786
Successfully changed project path to: C:/Users/jamiealexander.lobba/Desktop/PÑroj/ProjectesIII_RTS/RTS
C:/Users/jamiealexander.lobba/Desktop/PÑroj/ProjectesIII_RTS/RTS
[UnityMemory] Configuration Parameters - Can be set up in boot.config
    "memorysetup-bucket-allocator-granularity=16"
    "memorysetup-bucket-allocator-bucket-count=8"
    "memorysetup-bucket-allocator-block-size=33554432"
    "memorysetup-bucket-allocator-block-count=8"
    "memorysetup-main-allocator-block-size=16777216"
    "memorysetup-thread-allocator-block-size=16777216"
    "memorysetup-gfx-main-allocator-block-size=16777216"
    "memorysetup-gfx-thread-allocator-block-size=16777216"
    "memorysetup-cache-allocator-block-size=4194304"
    "memorysetup-typetree-allocator-block-size=2097152"
    "memorysetup-profiler-bucket-allocator-granularity=16"
    "memorysetup-profiler-bucket-allocator-bucket-count=8"
    "memorysetup-profiler-bucket-allocator-block-size=33554432"
    "memorysetup-profiler-bucket-allocator-block-count=8"
    "memorysetup-profiler-allocator-block-size=16777216"
    "memorysetup-profiler-editor-allocator-block-size=1048576"
    "memorysetup-temp-allocator-size-main=16777216"
    "memorysetup-job-temp-allocator-block-size=2097152"
    "memorysetup-job-temp-allocator-block-size-background=1048576"
    "memorysetup-job-temp-allocator-reduction-small-platforms=262144"
    "memorysetup-allocator-temp-initial-block-size-main=262144"
    "memorysetup-allocator-temp-initial-block-size-worker=262144"
    "memorysetup-temp-allocator-size-background-worker=32768"
    "memorysetup-temp-allocator-size-job-worker=262144"
    "memorysetup-temp-allocator-size-preload-manager=33554432"
    "memorysetup-temp-allocator-size-nav-mesh-worker=65536"
    "memorysetup-temp-allocator-size-audio-worker=65536"
    "memorysetup-temp-allocator-size-cloud-worker=32768"
    "memorysetup-temp-allocator-size-gi-baking-worker=262144"
    "memorysetup-temp-allocator-size-gfx=262144"
Player connection [17036] Host "[IP] 10.40.2.171 [Port] 0 [Flags] 2 [Guid] 290946896 [EditorId] 290946896 [Version] 1048832 [Id] WindowsEditor(7,PB-02-25B) [Debug] 1 [PackageName] WindowsEditor [ProjectName] Editor" joined multi-casting on [225.0.0.222:54997]...

Player connection [17036] Host "[IP] 10.40.2.171 [Port] 0 [Flags] 2 [Guid] 290946896 [EditorId] 290946896 [Version] 1048832 [Id] WindowsEditor(7,PB-02-25B) [Debug] 1 [PackageName] WindowsEditor [ProjectName] Editor" joined alternative multi-casting on [225.0.0.222:34997]...

Refreshing native plugins compatible for Editor in 9.35 ms, found 3 plugins.
Preloading 0 native plugins for Editor in 0.00 ms.
Initialize engine version: 2022.3.3f1 (7cdc2969a641)
[Subsystems] Discovering subsystems at path C:/Program Files/Unity/Hub/Editor/2022.3.3f1/Editor/Data/Resources/UnitySubsystems
[Subsystems] Discovering subsystems at path C:/Users/jamiealexander.lobba/Desktop/PÑroj/ProjectesIII_RTS/RTS/Assets
GfxDevice: creating device client; threaded=0; jobified=0
Direct3D:
    Version:  Direct3D 11.0 [level 11.1]
    Renderer: NVIDIA GeForce RTX 2060 (ID=0x1f08)
    Vendor:   NVIDIA
    VRAM:     5980 MB
    Driver:   27.21.14.5751
Initialize mono
Mono path[0] = 'C:/Program Files/Unity/Hub/Editor/2022.3.3f1/Editor/Data/Managed'
Mono path[1] = 'C:/Program Files/Unity/Hub/Editor/2022.3.3f1/Editor/Data/MonoBleedingEdge/lib/mono/unityjit-win32'
Mono config path = 'C:/Program Files/Unity/Hub/Editor/2022.3.3f1/Editor/Data/MonoBleedingEdge/etc'
Using monoOptions --debugger-agent=transport=dt_socket,embedding=1,server=y,suspend=n,address=127.0.0.1:56328
Begin MonoManager ReloadAssembly
Registering precompiled unity dll's ...
Register platform support module: C:/Program Files/Unity/Hub/Editor/2022.3.3f1/Editor/Data/PlaybackEngines/AndroidPlayer/UnityEditor.Android.Extensions.dll
Register platform support module: C:/Program Files/Unity/Hub/Editor/2022.3.3f1/Editor/Data/PlaybackEngines/WindowsStandaloneSupport/UnityEditor.WindowsStandalone.Extensions.dll
Register platform support module: C:/Program Files/Unity/Hub/Editor/2022.3.3f1/Editor/Data/PlaybackEngines/MetroSupport/UnityEditor.UWP.Extensions.dll
Registered in 0.005943 seconds.
- Loaded All Assemblies, in  0.297 seconds
Native extension for UWP target not found
Native extension for WindowsStandalone target not found
Native extension for Android target not found
Unable to list connected devices. 
adb.exe: failed to check server version: protocol fault (couldn't read status): connection reset

UnityEditor.Android.CommandInvokationFailure: Unable to list connected devices. 
C:\Program Files\Unity\Hub\Editor\2022.3.3f1\Editor\Data\PlaybackEngines\AndroidPlayer\SDK\platform-tools\adb.exe devices

Environment Variables:
OculusBase = C:\Program Files\Oculus\
USERDOMAIN = ENTI
ProgramFiles = C:\Program Files
TMP = C:\Users\JAMIEA~1.LOB\AppData\Local\Temp
PROCESSOR_ARCHITECTURE = AMD64
PROCESSOR_REVISION = 9702
ALLUSERSPROFILE = C:\ProgramData
OS = Windows_NT
CHROME_CRASHPAD_PIPE_NAME = \\.\pipe\crashpad_2988_UZBWSYVWRJKDUISS
PROCESSOR_IDENTIFIER = Intel64 Family 6 Model 151 Stepping 2, GenuineIntel
AMPLITUDE_API_KEY = 28f3cae0b33b8b3702120c9ed1a935aa
USERPROFILE = C:\Users\jamiealexander.lobba
CommonProgramFiles = C:\Program Files\Common Files
DriverData = C:\Windows\System32\Drivers\DriverData
ComSpec = C:\Windows\system32\cmd.exe
LAUNCH_DARKLY_CLIENT_TOKEN = 60a7e30fafc7e60e33446283
EFC_9120 = 0
PSModulePath = C:\Program Files\WindowsPowerShell\Modules;C:\Windows\system32\WindowsPowerShell\v1.0\Modules
ADSK_3DSMAX_x64_2024 = C:\Program Files\Autodesk\3ds Max 2024\
SystemRoot = C:\Windows
HEAP_CLIENT_TOKEN = 1717415662
NUMBER_OF_PROCESSORS = 20
USERDNSDOMAIN = enti.local
WOOTRIC_CLIENT_TOKEN = NPS-aa8be4c3
JAVA_TOOL_OPTIONS = -Dfile.encoding=UTF-8
DEBUG_ENV_VAR = UnityHub
ProgramW6432 = C:\Program Files
FPS_BROWSER_APP_PROFILE_STRING = Internet Explorer
TEMP = C:\Users\JAMIEA~1.LOB\AppData\Local\Temp
Path = C:\Program Files\Oculus\Support\oculus-runtime;C:\Program Files (x86)\Common Files\Oracle\Java\javapath;C:\Windows\system32;C:\Windows;C:\Windows\System32\Wbem;C:\Windows\System32\WindowsPowerShell\v1.0\;C:\Windows\System32\OpenSSH\;C:\Program Files (x86)\QuickTime\QTSystem\;C:\Program Files\Common Files\Autodesk Shared\;C:\Program Files (x86)\NVIDIA Corporation\PhysX\Common;C:\Program Files\TortoiseSVN\bin;C:\Program Files\dotnet\;C:\Program Files\Git\cmd;C:\Users\admin\AppData\Local\Microsoft\WindowsApps;C:\Users\admin\AppData\Local\gitkraken\bin;C:\Program Files (x86)\Brackets\;C:\Users\admin\AppData\Local\Programs\Microsoft VS Code\bin;C:\Users\jamiealexander.lobba\.dotnet\tools;C:\Users\jamiealexander.lobba\AppData\Local\gitkraken\bin
USERNAME = jamiealexander.lobba
COMPUTERNAME = PB-02-25B
PATHEXT = .COM;.EXE;.BAT;.CMD;.VBS;.VBE;.JS;.JSE;.WSF;.WSH;.MSC
SystemDrive = C:
WWISEROOT = C:\Program Files (x86)\Audiokinetic\Wwise 2021.1.13.8036
SENTRY_ACCESS_TOKEN = 3df78d9e53f8456aa90fbae044ce1a6261421ab1d0014674bc2e933477289017
HEAP_CLIENT_TOKEN_STAGING = 3786794399
WWISESDK = C:\Program Files (x86)\Audiokinetic\Wwise 2021.1.13.8036\SDK
VBOX_MSI_INSTALL_PATH = C:\Program Files\Oracle\VirtualBox\
FPS_BROWSER_USER_PROFILE_STRING = Default
windir = C:\Windows
AMPLITUDE_API_KEY_STAGING = 83ee04fccc67e4fcc7dd527c4c6f1e21
PUBLIC = C:\Users\Public
CommonProgramFiles(x86) = C:\Program Files (x86)\Common Files
APPDATA = C:\Users\jamiealexander.lobba\AppData\Roaming
OneDrive = C:\Users\jamiealexander.lobba\OneDrive
PROCESSOR_LEVEL = 6
CommonProgramW6432 = C:\Program Files\Common Files
ProgramFiles(x86) = C:\Program Files (x86)
SESSIONNAME = Console
LOGONSERVER = \\PB-02-25B
LOCALAPPDATA = C:\Users\jamiealexander.lobba\AppData\Local
HOMEPATH = \Users\jamiealexander.lobba
LAUNCH_DARKLY_CLIENT_TOKEN_STAGING = 60a7e30fafc7e60e33446282
HOMEDRIVE = C:
USERDOMAIN_ROAMINGPROFILE = ENTI
ProgramData = C:\ProgramData
ORIGINAL_XDG_CURRENT_DESKTOP = undefined


stderr[
adb.exe: failed to check server version: protocol fault (couldn't read status): connection reset
]
stdout[

]
exit code: 1
  at UnityEditor.Android.Command.WaitForProgramToRun (UnityEditor.Utils.Program p, UnityEditor.Android.Command+WaitingForProcessToExit waitingForProcessToExit, System.String errorMsg) [0x00033] in <5f806418f5e643e7a4ebc2e1eab3b75e>:0 
  at UnityEditor.Android.Command.Run (System.Diagnostics.ProcessStartInfo psi, UnityEditor.Android.Command+WaitingForProcessToExit waitingForProcessToExit, System.String errorMsg) [0x0002d] in <5f806418f5e643e7a4ebc2e1eab3b75e>:0 
  at UnityEditor.Android.Command.Run (System.String command, System.String args, System.String workingdir, UnityEditor.Android.Command+WaitingForProcessToExit waitingForProcessToExit, System.String errorMsg) [0x0000a] in <5f806418f5e643e7a4ebc2e1eab3b75e>:0 
  at UnityEditor.Android.ADB.RunInternal (System.String[] command, UnityEditor.Android.Command+WaitingForProcessToExit waitingForProcessToExit, System.String errorMsg) [0x0001e] in <5f806418f5e643e7a4ebc2e1eab3b75e>:0 
  at UnityEditor.Android.ADB.Run (System.String[] command, UnityEditor.Android.Command+WaitingForProcessToExit waitingForProcessToExit, System.String errorMsg) [0x00013] in <5f806418f5e643e7a4ebc2e1eab3b75e>:0 
  at UnityEditor.Android.AndroidDeploymentTargetsExtension.GetKnownTargets (UnityEditor.DeploymentTargets.IDeploymentTargetsMainThreadContext context, UnityEditor.ProgressHandler progressHandler) [0x00284] in <5f806418f5e643e7a4ebc2e1eab3b75e>:0 
UnityEngine.StackTraceUtility:ExtractStackTrace ()
UnityEngine.DebugLogHandler:LogFormat (UnityEngine.LogType,UnityEngine.Object,string,object[])
UnityEngine.Logger:Log (UnityEngine.LogType,object)
UnityEngine.Debug:LogWarning (object)
UnityEditor.Android.AndroidDeploymentTargetsExtension:GetKnownTargets (UnityEditor.DeploymentTargets.IDeploymentTargetsMainThreadContext,UnityEditor.ProgressHandler)
UnityEditor.Android.TargetScanWorker:ScanSync ()
UnityEditor.Android.TargetExtension:OnUsbDevicesChanged (UnityEditor.Hardware.UsbDevice[])
UnityEditor.Android.TargetExtension:OnLoad ()
UnityEditor.Modules.ModuleManager:InitializePlatformSupportModules ()

Android Extension - Scanning For ADB Devices 219 ms
Mono: successfully reloaded assembly
- Finished resetting the current domain, in  0.463 seconds
Domain Reload Profiling: 759ms
	BeginReloadAssembly (88ms)
		ExecutionOrderSort (0ms)
		DisableScriptedObjects (0ms)
		BackupInstance (0ms)
		ReleaseScriptingObjects (0ms)
		CreateAndSetChildDomain (0ms)
	RebuildCommonClasses (31ms)
	RebuildNativeTypeToScriptingClass (7ms)
	initialDomainReloadingComplete (42ms)
	LoadAllAssembliesAndSetupDomain (129ms)
		LoadAssemblies (87ms)
		RebuildTransferFunctionScriptingTraits (0ms)
		AnalyzeDomain (124ms)
			TypeCache.Refresh (123ms)
				TypeCache.ScanAssembly (111ms)
			ScanForSourceGeneratedMonoScriptInfo (1ms)
			ResolveRequiredComponents (1ms)
	FinalizeReload (464ms)
		ReleaseScriptCaches (0ms)
		RebuildScriptCaches (0ms)
		SetupLoadedEditorAssemblies (418ms)
			LogAssemblyErrors (0ms)
			InitializePlatformSupportModulesInManaged (308ms)
			SetLoadedEditorAssemblies (3ms)
			RefreshPlugins (0ms)
			BeforeProcessingInitializeOnLoad (1ms)
			ProcessInitializeOnLoadAttributes (73ms)
			ProcessInitializeOnLoadMethodAttributes (32ms)
			AfterProcessingInitializeOnLoad (0ms)
			EditorAssembliesLoaded (0ms)
		ExecutionOrderSort2 (0ms)
		AwakeInstancesAfterBackupRestoration (0ms)
========================================================================
Worker process is ready to serve import requests
